E:\GAMEWORKPLACENEW\DRGAME\DR\COCOSDENSHION\PROJ.WIN32\DEBUG.WIN32\LIBCOCOSDENSHION.DLL.INTERMEDIATE.MANIFEST
E:\GAMEWORKPLACENEW\DRGAME\DR\COCOSDENSHION\PROJ.WIN32\DEBUG.WIN32\MCIPLAYER.OBJ
E:\GAMEWORKPLACENEW\DRGAME\DR\COCOSDENSHION\PROJ.WIN32\DEBUG.WIN32\SIMPLEAUDIOENGINE.OBJ
E:\GAMEWORKPLACENEW\DRGAME\DR\COCOSDENSHION\PROJ.WIN32\DEBUG.WIN32\VC100.PDB
E:\GAMEWORKPLACENEW\DRGAME\DR\DEBUG.WIN32\LIBCOCOSDENSHION.DLL
E:\GameWorkplaceNew\DRGame\DR\Debug.win32\libCocosDenshion.exp
E:\GameWorkplaceNew\DRGame\DR\Debug.win32\libCocosDenshion.lib
E:\GAMEWORKPLACENEW\DRGAME\DR\DEBUG.WIN32\LIBCOCOSDENSHION.PDB
E:\GAMEWORKPLACENEW\DRGAME\DR\PROJECTS\DRGAME\PROJ.WIN32\DEBUG.WIN32\LIBCOCOSDENSHION.DLL
E:\GameWorkplaceNew\DRGame\DR\projects\DRGame\proj.win32\Debug.win32\libCocosDenshion.exp
E:\GameWorkplaceNew\DRGame\DR\projects\DRGame\proj.win32\Debug.win32\libCocosDenshion.lib
E:\GAMEWORKPLACENEW\DRGAME\DR\PROJECTS\DRGAME\PROJ.WIN32\DEBUG.WIN32\LIBCOCOSDENSHION.PDB
F:\workplace\VS_workplace\DR\CocosDenshion\proj.win32\Debug.win32\cl.command.1.tlog
F:\workplace\VS_workplace\DR\CocosDenshion\proj.win32\Debug.win32\CL.read.1.tlog
F:\workplace\VS_workplace\DR\CocosDenshion\proj.win32\Debug.win32\CL.write.1.tlog
F:\WORKPLACE\VS_WORKPLACE\DR\COCOSDENSHION\PROJ.WIN32\DEBUG.WIN32\LIBCOCOSDENSHION.DLL.INTERMEDIATE.MANIFEST
F:\workplace\VS_workplace\DR\CocosDenshion\proj.win32\Debug.win32\libCocosDenshion.write.1.tlog
F:\workplace\VS_workplace\DR\CocosDenshion\proj.win32\Debug.win32\link.command.1.tlog
F:\workplace\VS_workplace\DR\CocosDenshion\proj.win32\Debug.win32\link.read.1.tlog
F:\workplace\VS_workplace\DR\CocosDenshion\proj.win32\Debug.win32\link.write.1.tlog
F:\WORKPLACE\VS_WORKPLACE\DR\COCOSDENSHION\PROJ.WIN32\DEBUG.WIN32\MCIPLAYER.OBJ
F:\workplace\VS_workplace\DR\CocosDenshion\proj.win32\Debug.win32\mt.command.1.tlog
F:\workplace\VS_workplace\DR\CocosDenshion\proj.win32\Debug.win32\mt.read.1.tlog
F:\workplace\VS_workplace\DR\CocosDenshion\proj.win32\Debug.win32\mt.write.1.tlog
F:\WORKPLACE\VS_WORKPLACE\DR\COCOSDENSHION\PROJ.WIN32\DEBUG.WIN32\SIMPLEAUDIOENGINE.OBJ
F:\workplace\VS_workplace\DR\CocosDenshion\proj.win32\Debug.win32\vc100.idb
F:\WORKPLACE\VS_WORKPLACE\DR\COCOSDENSHION\PROJ.WIN32\DEBUG.WIN32\VC100.PDB
F:\WORKPLACE\VS_WORKPLACE\DR\PROJECTS\DRGAME\PROJ.WIN32\DEBUG.WIN32\LIBCOCOSDENSHION.DLL
F:\workplace\VS_workplace\DR\projects\DRGame\proj.win32\Debug.win32\libCocosDenshion.exp
F:\workplace\VS_workplace\DR\projects\DRGame\proj.win32\Debug.win32\libCocosDenshion.lib
F:\WORKPLACE\VS_WORKPLACE\DR\PROJECTS\DRGAME\PROJ.WIN32\DEBUG.WIN32\LIBCOCOSDENSHION.PDB
