E:\GAMEWORKPLACENEW\DRGAME\DR\PROJECTS\DRGAME\PROJ.WIN32\DEBUG.WIN32\APPDELEGATE.OBJ
E:\GAMEWORKPLACENEW\DRGAME\DR\PROJECTS\DRGAME\PROJ.WIN32\DEBUG.WIN32\DRGAME.EXE
E:\GAMEWORKPLACENEW\DRGAME\DR\PROJECTS\DRGAME\PROJ.WIN32\DEBUG.WIN32\DRGAME.EXE.EMBED.MANIFEST
E:\GAMEWORKPLACENEW\DRGAME\DR\PROJECTS\DRGAME\PROJ.WIN32\DEBUG.WIN32\DRGAME.EXE.EMBED.MANIFEST.RES
E:\GAMEWORKPLACENEW\DRGAME\DR\PROJECTS\DRGAME\PROJ.WIN32\DEBUG.WIN32\DRGAME.EXE.INTERMEDIATE.MANIFEST
E:\GAMEWORKPLACENEW\DRGAME\DR\PROJECTS\DRGAME\PROJ.WIN32\DEBUG.WIN32\DRGAME.ILK
E:\GAMEWORKPLACENEW\DRGAME\DR\PROJECTS\DRGAME\PROJ.WIN32\DEBUG.WIN32\DRGAME.PDB
E:\GAMEWORKPLACENEW\DRGAME\DR\PROJECTS\DRGAME\PROJ.WIN32\DEBUG.WIN32\HELLOWORLDSCENE.OBJ
E:\GAMEWORKPLACENEW\DRGAME\DR\PROJECTS\DRGAME\PROJ.WIN32\DEBUG.WIN32\MAIN.OBJ
E:\GAMEWORKPLACENEW\DRGAME\DR\PROJECTS\DRGAME\PROJ.WIN32\DEBUG.WIN32\VC100.PDB
F:\WORKPLACE\VS_WORKPLACE\DR\PROJECTS\DRGAME\PROJ.WIN32\DEBUG.WIN32\APPDELEGATE.OBJ
F:\WORKPLACE\VS_WORKPLACE\DR\PROJECTS\DRGAME\PROJ.WIN32\DEBUG.WIN32\BASESCENE.OBJ
F:\workplace\VS_workplace\DR\projects\DRGame\proj.win32\Debug.win32\cl.command.1.tlog
F:\workplace\VS_workplace\DR\projects\DRGame\proj.win32\Debug.win32\CL.read.1.tlog
F:\workplace\VS_workplace\DR\projects\DRGame\proj.win32\Debug.win32\CL.write.1.tlog
F:\workplace\VS_workplace\DR\projects\DRGame\proj.win32\Debug.win32\DRGame.exe.embed.manifest
F:\WORKPLACE\VS_WORKPLACE\DR\PROJECTS\DRGAME\PROJ.WIN32\DEBUG.WIN32\DRGAME.EXE.EMBED.MANIFEST.RES
F:\workplace\VS_workplace\DR\projects\DRGame\proj.win32\Debug.win32\DRGame.exe.intermediate.manifest
F:\workplace\VS_workplace\DR\projects\DRGame\proj.win32\Debug.win32\DRGame.pdb
F:\workplace\VS_workplace\DR\projects\DRGame\proj.win32\Debug.win32\DRGame.write.1.tlog
F:\workplace\VS_workplace\DR\projects\DRGame\proj.win32\Debug.win32\DRGame_manifest.rc
F:\WORKPLACE\VS_WORKPLACE\DR\PROJECTS\DRGAME\PROJ.WIN32\DEBUG.WIN32\GENERALDATAMODEL.OBJ
F:\workplace\VS_workplace\DR\projects\DRGame\proj.win32\Debug.win32\HelloWorldScene.obj
F:\workplace\VS_workplace\DR\projects\DRGame\proj.win32\Debug.win32\libcocos2d.exp
F:\workplace\VS_workplace\DR\projects\DRGame\proj.win32\Debug.win32\libcocos2d.pdb
F:\workplace\VS_workplace\DR\projects\DRGame\proj.win32\Debug.win32\libCocosDenshion.exp
F:\workplace\VS_workplace\DR\projects\DRGame\proj.win32\Debug.win32\libCocosDenshion.pdb
F:\workplace\VS_workplace\DR\projects\DRGame\proj.win32\Debug.win32\link.9876.read.1.tlog
F:\workplace\VS_workplace\DR\projects\DRGame\proj.win32\Debug.win32\link.9876.write.1.tlog
F:\workplace\VS_workplace\DR\projects\DRGame\proj.win32\Debug.win32\link.9876-cvtres.read.1.tlog
F:\workplace\VS_workplace\DR\projects\DRGame\proj.win32\Debug.win32\link.9876-cvtres.write.1.tlog
F:\workplace\VS_workplace\DR\projects\DRGame\proj.win32\Debug.win32\link.command.1.tlog
F:\workplace\VS_workplace\DR\projects\DRGame\proj.win32\Debug.win32\link.read.1.tlog
F:\workplace\VS_workplace\DR\projects\DRGame\proj.win32\Debug.win32\link.write.1.tlog
F:\workplace\VS_workplace\DR\projects\DRGame\proj.win32\Debug.win32\link-cvtres.read.1.tlog
F:\workplace\VS_workplace\DR\projects\DRGame\proj.win32\Debug.win32\link-cvtres.write.1.tlog
F:\WORKPLACE\VS_WORKPLACE\DR\PROJECTS\DRGAME\PROJ.WIN32\DEBUG.WIN32\MAIN.OBJ
F:\WORKPLACE\VS_WORKPLACE\DR\PROJECTS\DRGAME\PROJ.WIN32\DEBUG.WIN32\MAINGAMECONTROLLER.OBJ
F:\WORKPLACE\VS_WORKPLACE\DR\PROJECTS\DRGAME\PROJ.WIN32\DEBUG.WIN32\MAINGAMESCENE.OBJ
F:\workplace\VS_workplace\DR\projects\DRGame\proj.win32\Debug.win32\mt.command.1.tlog
F:\workplace\VS_workplace\DR\projects\DRGame\proj.win32\Debug.win32\mt.read.1.tlog
F:\workplace\VS_workplace\DR\projects\DRGame\proj.win32\Debug.win32\mt.write.1.tlog
F:\workplace\VS_workplace\DR\projects\DRGame\proj.win32\Debug.win32\rc.command.1.tlog
F:\workplace\VS_workplace\DR\projects\DRGame\proj.win32\Debug.win32\rc.read.1.tlog
F:\workplace\VS_workplace\DR\projects\DRGame\proj.win32\Debug.win32\rc.write.1.tlog
F:\workplace\VS_workplace\DR\projects\DRGame\proj.win32\Debug.win32\ResolveAssemblyReference.cache
F:\workplace\VS_workplace\DR\projects\DRGame\proj.win32\Debug.win32\vc100.idb
F:\WORKPLACE\VS_WORKPLACE\DR\PROJECTS\DRGAME\PROJ.WIN32\DEBUG.WIN32\VC100.PDB
