生成启动时间为 2014/2/11 0:26:13。
     1>项目“F:\workplace\VS_workplace\DR\cocos2dx\proj.win32\cocos2d.vcxproj”在节点 2 上(build 个目标)。
     1>InitializeBuildStatus:
         正在创建“Debug.win32\libcocos2d.unsuccessfulbuild”，因为已指定“AlwaysCreate”。
       ClCompile:
         所有输出均为最新。
         所有输出均为最新。
       PreLinkEvent:
         if not exist "F:\workplace\VS_workplace\DR\projects\DRGame\proj.win32\Debug.win32\" mkdir "F:\workplace\VS_workplace\DR\projects\DRGame\proj.win32\Debug.win32\"
         xcopy /Y /Q "F:\workplace\VS_workplace\DR\cocos2dx\proj.win32\..\platform\third_party\win32\libraries\*.*" "F:\workplace\VS_workplace\DR\projects\DRGame\proj.win32\Debug.win32\"
         
         :VCEnd
         复制了 15 个文件
       Link:
         所有输出均为最新。
         cocos2d.vcxproj -> F:\workplace\VS_workplace\DR\projects\DRGame\proj.win32\Debug.win32\libcocos2d.dll
       FinalizeBuildStatus:
         正在删除文件“Debug.win32\libcocos2d.unsuccessfulbuild”。
         正在对“Debug.win32\libcocos2d.lastbuildstate”执行 Touch 任务。
     1>已完成生成项目“F:\workplace\VS_workplace\DR\cocos2dx\proj.win32\cocos2d.vcxproj”(build 个目标)的操作。

生成成功。

已用时间 00:00:01.54
