E:\GAMEWORKPLACENEW\DRGAME\DR\COCOS2DX\PROJ.WIN32\DEBUG.WIN32\AABB.OBJ
E:\GAMEWORKPLACENEW\DRGAME\DR\COCOS2DX\PROJ.WIN32\DEBUG.WIN32\BASE64.OBJ
E:\GAMEWORKPLACENEW\DRGAME\DR\COCOS2DX\PROJ.WIN32\DEBUG.WIN32\CCACCELEROMETER.OBJ
E:\GAMEWORKPLACENEW\DRGAME\DR\COCOS2DX\PROJ.WIN32\DEBUG.WIN32\CCACTION.OBJ
E:\GAMEWORKPLACENEW\DRGAME\DR\COCOS2DX\PROJ.WIN32\DEBUG.WIN32\CCACTIONCAMERA.OBJ
E:\GAMEWORKPLACENEW\DRGAME\DR\COCOS2DX\PROJ.WIN32\DEBUG.WIN32\CCACTIONCATMULLROM.OBJ
E:\GAMEWORKPLACENEW\DRGAME\DR\COCOS2DX\PROJ.WIN32\DEBUG.WIN32\CCACTIONEASE.OBJ
E:\GAMEWORKPLACENEW\DRGAME\DR\COCOS2DX\PROJ.WIN32\DEBUG.WIN32\CCACTIONGRID.OBJ
E:\GAMEWORKPLACENEW\DRGAME\DR\COCOS2DX\PROJ.WIN32\DEBUG.WIN32\CCACTIONGRID3D.OBJ
E:\GAMEWORKPLACENEW\DRGAME\DR\COCOS2DX\PROJ.WIN32\DEBUG.WIN32\CCACTIONINSTANT.OBJ
E:\GAMEWORKPLACENEW\DRGAME\DR\COCOS2DX\PROJ.WIN32\DEBUG.WIN32\CCACTIONINTERVAL.OBJ
E:\GAMEWORKPLACENEW\DRGAME\DR\COCOS2DX\PROJ.WIN32\DEBUG.WIN32\CCACTIONMANAGER.OBJ
E:\GAMEWORKPLACENEW\DRGAME\DR\COCOS2DX\PROJ.WIN32\DEBUG.WIN32\CCACTIONPAGETURN3D.OBJ
E:\GAMEWORKPLACENEW\DRGAME\DR\COCOS2DX\PROJ.WIN32\DEBUG.WIN32\CCACTIONPROGRESSTIMER.OBJ
E:\GAMEWORKPLACENEW\DRGAME\DR\COCOS2DX\PROJ.WIN32\DEBUG.WIN32\CCACTIONTILEDGRID.OBJ
E:\GAMEWORKPLACENEW\DRGAME\DR\COCOS2DX\PROJ.WIN32\DEBUG.WIN32\CCACTIONTWEEN.OBJ
E:\GAMEWORKPLACENEW\DRGAME\DR\COCOS2DX\PROJ.WIN32\DEBUG.WIN32\CCAFFINETRANSFORM.OBJ
E:\GAMEWORKPLACENEW\DRGAME\DR\COCOS2DX\PROJ.WIN32\DEBUG.WIN32\CCANIMATION.OBJ
E:\GAMEWORKPLACENEW\DRGAME\DR\COCOS2DX\PROJ.WIN32\DEBUG.WIN32\CCANIMATIONCACHE.OBJ
E:\GAMEWORKPLACENEW\DRGAME\DR\COCOS2DX\PROJ.WIN32\DEBUG.WIN32\CCAPPLICATION.OBJ
E:\GAMEWORKPLACENEW\DRGAME\DR\COCOS2DX\PROJ.WIN32\DEBUG.WIN32\CCARRAY.OBJ
E:\GAMEWORKPLACENEW\DRGAME\DR\COCOS2DX\PROJ.WIN32\DEBUG.WIN32\CCATLASNODE.OBJ
E:\GAMEWORKPLACENEW\DRGAME\DR\COCOS2DX\PROJ.WIN32\DEBUG.WIN32\CCAUTORELEASEPOOL.OBJ
E:\GAMEWORKPLACENEW\DRGAME\DR\COCOS2DX\PROJ.WIN32\DEBUG.WIN32\CCCAMERA.OBJ
E:\GAMEWORKPLACENEW\DRGAME\DR\COCOS2DX\PROJ.WIN32\DEBUG.WIN32\CCCARRAY.OBJ
E:\GAMEWORKPLACENEW\DRGAME\DR\COCOS2DX\PROJ.WIN32\DEBUG.WIN32\CCCLIPPINGNODE.OBJ
E:\GAMEWORKPLACENEW\DRGAME\DR\COCOS2DX\PROJ.WIN32\DEBUG.WIN32\CCCOMMON.OBJ
E:\GAMEWORKPLACENEW\DRGAME\DR\COCOS2DX\PROJ.WIN32\DEBUG.WIN32\CCCOMPONENT.OBJ
E:\GAMEWORKPLACENEW\DRGAME\DR\COCOS2DX\PROJ.WIN32\DEBUG.WIN32\CCCOMPONENTCONTAINER.OBJ
E:\GAMEWORKPLACENEW\DRGAME\DR\COCOS2DX\PROJ.WIN32\DEBUG.WIN32\CCCONFIGURATION.OBJ
E:\GAMEWORKPLACENEW\DRGAME\DR\COCOS2DX\PROJ.WIN32\DEBUG.WIN32\CCDATAVISITOR.OBJ
E:\GAMEWORKPLACENEW\DRGAME\DR\COCOS2DX\PROJ.WIN32\DEBUG.WIN32\CCDEVICE.OBJ
E:\GAMEWORKPLACENEW\DRGAME\DR\COCOS2DX\PROJ.WIN32\DEBUG.WIN32\CCDICTIONARY.OBJ
E:\GAMEWORKPLACENEW\DRGAME\DR\COCOS2DX\PROJ.WIN32\DEBUG.WIN32\CCDIRECTOR.OBJ
E:\GAMEWORKPLACENEW\DRGAME\DR\COCOS2DX\PROJ.WIN32\DEBUG.WIN32\CCDRAWINGPRIMITIVES.OBJ
E:\GAMEWORKPLACENEW\DRGAME\DR\COCOS2DX\PROJ.WIN32\DEBUG.WIN32\CCDRAWNODE.OBJ
E:\GAMEWORKPLACENEW\DRGAME\DR\COCOS2DX\PROJ.WIN32\DEBUG.WIN32\CCEGLVIEW.OBJ
E:\GAMEWORKPLACENEW\DRGAME\DR\COCOS2DX\PROJ.WIN32\DEBUG.WIN32\CCEGLVIEWPROTOCOL.OBJ
E:\GAMEWORKPLACENEW\DRGAME\DR\COCOS2DX\PROJ.WIN32\DEBUG.WIN32\CCFILEUTILS.OBJ
E:\GAMEWORKPLACENEW\DRGAME\DR\COCOS2DX\PROJ.WIN32\DEBUG.WIN32\CCFILEUTILSWIN32.OBJ
E:\GAMEWORKPLACENEW\DRGAME\DR\COCOS2DX\PROJ.WIN32\DEBUG.WIN32\CCFPSIMAGES.OBJ
E:\GAMEWORKPLACENEW\DRGAME\DR\COCOS2DX\PROJ.WIN32\DEBUG.WIN32\CCGEOMETRY.OBJ
E:\GAMEWORKPLACENEW\DRGAME\DR\COCOS2DX\PROJ.WIN32\DEBUG.WIN32\CCGLPROGRAM.OBJ
E:\GAMEWORKPLACENEW\DRGAME\DR\COCOS2DX\PROJ.WIN32\DEBUG.WIN32\CCGLSTATECACHE.OBJ
E:\GAMEWORKPLACENEW\DRGAME\DR\COCOS2DX\PROJ.WIN32\DEBUG.WIN32\CCGRABBER.OBJ
E:\GAMEWORKPLACENEW\DRGAME\DR\COCOS2DX\PROJ.WIN32\DEBUG.WIN32\CCGRID.OBJ
E:\GAMEWORKPLACENEW\DRGAME\DR\COCOS2DX\PROJ.WIN32\DEBUG.WIN32\CCIMAGE.OBJ
E:\GAMEWORKPLACENEW\DRGAME\DR\COCOS2DX\PROJ.WIN32\DEBUG.WIN32\CCIMAGECOMMONWEBP.OBJ
E:\GAMEWORKPLACENEW\DRGAME\DR\COCOS2DX\PROJ.WIN32\DEBUG.WIN32\CCIMEDISPATCHER.OBJ
E:\GAMEWORKPLACENEW\DRGAME\DR\COCOS2DX\PROJ.WIN32\DEBUG.WIN32\CCKEYPADDELEGATE.OBJ
E:\GAMEWORKPLACENEW\DRGAME\DR\COCOS2DX\PROJ.WIN32\DEBUG.WIN32\CCKEYPADDISPATCHER.OBJ
E:\GAMEWORKPLACENEW\DRGAME\DR\COCOS2DX\PROJ.WIN32\DEBUG.WIN32\CCLABELATLAS.OBJ
E:\GAMEWORKPLACENEW\DRGAME\DR\COCOS2DX\PROJ.WIN32\DEBUG.WIN32\CCLABELBMFONT.OBJ
E:\GAMEWORKPLACENEW\DRGAME\DR\COCOS2DX\PROJ.WIN32\DEBUG.WIN32\CCLABELTTF.OBJ
E:\GAMEWORKPLACENEW\DRGAME\DR\COCOS2DX\PROJ.WIN32\DEBUG.WIN32\CCLAYER.OBJ
E:\GAMEWORKPLACENEW\DRGAME\DR\COCOS2DX\PROJ.WIN32\DEBUG.WIN32\CCMENU.OBJ
E:\GAMEWORKPLACENEW\DRGAME\DR\COCOS2DX\PROJ.WIN32\DEBUG.WIN32\CCMENUITEM.OBJ
E:\GAMEWORKPLACENEW\DRGAME\DR\COCOS2DX\PROJ.WIN32\DEBUG.WIN32\CCMOTIONSTREAK.OBJ
E:\GAMEWORKPLACENEW\DRGAME\DR\COCOS2DX\PROJ.WIN32\DEBUG.WIN32\CCNODE.OBJ
E:\GAMEWORKPLACENEW\DRGAME\DR\COCOS2DX\PROJ.WIN32\DEBUG.WIN32\CCNOTIFICATIONCENTER.OBJ
E:\GAMEWORKPLACENEW\DRGAME\DR\COCOS2DX\PROJ.WIN32\DEBUG.WIN32\CCNS.OBJ
E:\GAMEWORKPLACENEW\DRGAME\DR\COCOS2DX\PROJ.WIN32\DEBUG.WIN32\CCOBJECT.OBJ
E:\GAMEWORKPLACENEW\DRGAME\DR\COCOS2DX\PROJ.WIN32\DEBUG.WIN32\CCPARALLAXNODE.OBJ
E:\GAMEWORKPLACENEW\DRGAME\DR\COCOS2DX\PROJ.WIN32\DEBUG.WIN32\CCPARTICLEBATCHNODE.OBJ
E:\GAMEWORKPLACENEW\DRGAME\DR\COCOS2DX\PROJ.WIN32\DEBUG.WIN32\CCPARTICLEEXAMPLES.OBJ
E:\GAMEWORKPLACENEW\DRGAME\DR\COCOS2DX\PROJ.WIN32\DEBUG.WIN32\CCPARTICLESYSTEM.OBJ
E:\GAMEWORKPLACENEW\DRGAME\DR\COCOS2DX\PROJ.WIN32\DEBUG.WIN32\CCPARTICLESYSTEMQUAD.OBJ
E:\GAMEWORKPLACENEW\DRGAME\DR\COCOS2DX\PROJ.WIN32\DEBUG.WIN32\CCPOINTEXTENSION.OBJ
E:\GAMEWORKPLACENEW\DRGAME\DR\COCOS2DX\PROJ.WIN32\DEBUG.WIN32\CCPROFILING.OBJ
E:\GAMEWORKPLACENEW\DRGAME\DR\COCOS2DX\PROJ.WIN32\DEBUG.WIN32\CCPROGRESSTIMER.OBJ
E:\GAMEWORKPLACENEW\DRGAME\DR\COCOS2DX\PROJ.WIN32\DEBUG.WIN32\CCRENDERTEXTURE.OBJ
E:\GAMEWORKPLACENEW\DRGAME\DR\COCOS2DX\PROJ.WIN32\DEBUG.WIN32\CCSAXPARSER.OBJ
E:\GAMEWORKPLACENEW\DRGAME\DR\COCOS2DX\PROJ.WIN32\DEBUG.WIN32\CCSCENE.OBJ
E:\GAMEWORKPLACENEW\DRGAME\DR\COCOS2DX\PROJ.WIN32\DEBUG.WIN32\CCSCHEDULER.OBJ
E:\GAMEWORKPLACENEW\DRGAME\DR\COCOS2DX\PROJ.WIN32\DEBUG.WIN32\CCSCRIPTSUPPORT.OBJ
E:\GAMEWORKPLACENEW\DRGAME\DR\COCOS2DX\PROJ.WIN32\DEBUG.WIN32\CCSET.OBJ
E:\GAMEWORKPLACENEW\DRGAME\DR\COCOS2DX\PROJ.WIN32\DEBUG.WIN32\CCSHADERCACHE.OBJ
E:\GAMEWORKPLACENEW\DRGAME\DR\COCOS2DX\PROJ.WIN32\DEBUG.WIN32\CCSHADERS.OBJ
E:\GAMEWORKPLACENEW\DRGAME\DR\COCOS2DX\PROJ.WIN32\DEBUG.WIN32\CCSPRITE.OBJ
E:\GAMEWORKPLACENEW\DRGAME\DR\COCOS2DX\PROJ.WIN32\DEBUG.WIN32\CCSPRITEBATCHNODE.OBJ
E:\GAMEWORKPLACENEW\DRGAME\DR\COCOS2DX\PROJ.WIN32\DEBUG.WIN32\CCSPRITEFRAME.OBJ
E:\GAMEWORKPLACENEW\DRGAME\DR\COCOS2DX\PROJ.WIN32\DEBUG.WIN32\CCSPRITEFRAMECACHE.OBJ
E:\GAMEWORKPLACENEW\DRGAME\DR\COCOS2DX\PROJ.WIN32\DEBUG.WIN32\CCSTDC.OBJ
E:\GAMEWORKPLACENEW\DRGAME\DR\COCOS2DX\PROJ.WIN32\DEBUG.WIN32\CCSTRING.OBJ
E:\GAMEWORKPLACENEW\DRGAME\DR\COCOS2DX\PROJ.WIN32\DEBUG.WIN32\CCTEXTFIELDTTF.OBJ
E:\GAMEWORKPLACENEW\DRGAME\DR\COCOS2DX\PROJ.WIN32\DEBUG.WIN32\CCTEXTURE2D.OBJ
E:\GAMEWORKPLACENEW\DRGAME\DR\COCOS2DX\PROJ.WIN32\DEBUG.WIN32\CCTEXTUREATLAS.OBJ
E:\GAMEWORKPLACENEW\DRGAME\DR\COCOS2DX\PROJ.WIN32\DEBUG.WIN32\CCTEXTURECACHE.OBJ
E:\GAMEWORKPLACENEW\DRGAME\DR\COCOS2DX\PROJ.WIN32\DEBUG.WIN32\CCTEXTUREETC.OBJ
E:\GAMEWORKPLACENEW\DRGAME\DR\COCOS2DX\PROJ.WIN32\DEBUG.WIN32\CCTEXTUREPVR.OBJ
E:\GAMEWORKPLACENEW\DRGAME\DR\COCOS2DX\PROJ.WIN32\DEBUG.WIN32\CCTHREAD.OBJ
E:\GAMEWORKPLACENEW\DRGAME\DR\COCOS2DX\PROJ.WIN32\DEBUG.WIN32\CCTILEMAPATLAS.OBJ
E:\GAMEWORKPLACENEW\DRGAME\DR\COCOS2DX\PROJ.WIN32\DEBUG.WIN32\CCTMXLAYER.OBJ
E:\GAMEWORKPLACENEW\DRGAME\DR\COCOS2DX\PROJ.WIN32\DEBUG.WIN32\CCTMXOBJECTGROUP.OBJ
E:\GAMEWORKPLACENEW\DRGAME\DR\COCOS2DX\PROJ.WIN32\DEBUG.WIN32\CCTMXTILEDMAP.OBJ
E:\GAMEWORKPLACENEW\DRGAME\DR\COCOS2DX\PROJ.WIN32\DEBUG.WIN32\CCTMXXMLPARSER.OBJ
E:\GAMEWORKPLACENEW\DRGAME\DR\COCOS2DX\PROJ.WIN32\DEBUG.WIN32\CCTOUCH.OBJ
E:\GAMEWORKPLACENEW\DRGAME\DR\COCOS2DX\PROJ.WIN32\DEBUG.WIN32\CCTOUCHDISPATCHER.OBJ
E:\GAMEWORKPLACENEW\DRGAME\DR\COCOS2DX\PROJ.WIN32\DEBUG.WIN32\CCTOUCHHANDLER.OBJ
E:\GAMEWORKPLACENEW\DRGAME\DR\COCOS2DX\PROJ.WIN32\DEBUG.WIN32\CCTRANSITION.OBJ
E:\GAMEWORKPLACENEW\DRGAME\DR\COCOS2DX\PROJ.WIN32\DEBUG.WIN32\CCTRANSITIONPAGETURN.OBJ
E:\GAMEWORKPLACENEW\DRGAME\DR\COCOS2DX\PROJ.WIN32\DEBUG.WIN32\CCTRANSITIONPROGRESS.OBJ
E:\GAMEWORKPLACENEW\DRGAME\DR\COCOS2DX\PROJ.WIN32\DEBUG.WIN32\CCUSERDEFAULT.OBJ
E:\GAMEWORKPLACENEW\DRGAME\DR\COCOS2DX\PROJ.WIN32\DEBUG.WIN32\CCUTF8.OBJ
E:\GAMEWORKPLACENEW\DRGAME\DR\COCOS2DX\PROJ.WIN32\DEBUG.WIN32\CCUTILS.OBJ
E:\GAMEWORKPLACENEW\DRGAME\DR\COCOS2DX\PROJ.WIN32\DEBUG.WIN32\CCVERTEX.OBJ
E:\GAMEWORKPLACENEW\DRGAME\DR\COCOS2DX\PROJ.WIN32\DEBUG.WIN32\CCZONE.OBJ
E:\GAMEWORKPLACENEW\DRGAME\DR\COCOS2DX\PROJ.WIN32\DEBUG.WIN32\COCOS2D.OBJ
E:\GAMEWORKPLACENEW\DRGAME\DR\COCOS2DX\PROJ.WIN32\DEBUG.WIN32\IOAPI.OBJ
E:\GAMEWORKPLACENEW\DRGAME\DR\COCOS2DX\PROJ.WIN32\DEBUG.WIN32\LIBCOCOS2D.DLL.INTERMEDIATE.MANIFEST
E:\GAMEWORKPLACENEW\DRGAME\DR\COCOS2DX\PROJ.WIN32\DEBUG.WIN32\MAT3.OBJ
E:\GAMEWORKPLACENEW\DRGAME\DR\COCOS2DX\PROJ.WIN32\DEBUG.WIN32\MAT4.OBJ
E:\GAMEWORKPLACENEW\DRGAME\DR\COCOS2DX\PROJ.WIN32\DEBUG.WIN32\MAT4STACK.OBJ
E:\GAMEWORKPLACENEW\DRGAME\DR\COCOS2DX\PROJ.WIN32\DEBUG.WIN32\MATRIX.OBJ
E:\GAMEWORKPLACENEW\DRGAME\DR\COCOS2DX\PROJ.WIN32\DEBUG.WIN32\NEON_MATRIX_IMPL.OBJ
E:\GAMEWORKPLACENEW\DRGAME\DR\COCOS2DX\PROJ.WIN32\DEBUG.WIN32\PLANE.OBJ
E:\GAMEWORKPLACENEW\DRGAME\DR\COCOS2DX\PROJ.WIN32\DEBUG.WIN32\PLATFORM.OBJ
E:\GAMEWORKPLACENEW\DRGAME\DR\COCOS2DX\PROJ.WIN32\DEBUG.WIN32\QUATERNION.OBJ
E:\GAMEWORKPLACENEW\DRGAME\DR\COCOS2DX\PROJ.WIN32\DEBUG.WIN32\RAY2.OBJ
E:\GAMEWORKPLACENEW\DRGAME\DR\COCOS2DX\PROJ.WIN32\DEBUG.WIN32\TGALIB.OBJ
E:\GAMEWORKPLACENEW\DRGAME\DR\COCOS2DX\PROJ.WIN32\DEBUG.WIN32\TINYXML2.OBJ
E:\GAMEWORKPLACENEW\DRGAME\DR\COCOS2DX\PROJ.WIN32\DEBUG.WIN32\TRANSFORMUTILS.OBJ
E:\GAMEWORKPLACENEW\DRGAME\DR\COCOS2DX\PROJ.WIN32\DEBUG.WIN32\UNZIP.OBJ
E:\GAMEWORKPLACENEW\DRGAME\DR\COCOS2DX\PROJ.WIN32\DEBUG.WIN32\UTILITY.OBJ
E:\GAMEWORKPLACENEW\DRGAME\DR\COCOS2DX\PROJ.WIN32\DEBUG.WIN32\VC100.PDB
E:\GAMEWORKPLACENEW\DRGAME\DR\COCOS2DX\PROJ.WIN32\DEBUG.WIN32\VEC2.OBJ
E:\GAMEWORKPLACENEW\DRGAME\DR\COCOS2DX\PROJ.WIN32\DEBUG.WIN32\VEC3.OBJ
E:\GAMEWORKPLACENEW\DRGAME\DR\COCOS2DX\PROJ.WIN32\DEBUG.WIN32\VEC4.OBJ
E:\GAMEWORKPLACENEW\DRGAME\DR\COCOS2DX\PROJ.WIN32\DEBUG.WIN32\ZIPUTILS.OBJ
E:\GAMEWORKPLACENEW\DRGAME\DR\DEBUG.WIN32\LIBCOCOS2D.DLL
E:\GameWorkplaceNew\DRGame\DR\Debug.win32\libcocos2d.exp
E:\GameWorkplaceNew\DRGame\DR\Debug.win32\libcocos2d.lib
E:\GAMEWORKPLACENEW\DRGAME\DR\DEBUG.WIN32\LIBCOCOS2D.PDB
E:\GAMEWORKPLACENEW\DRGAME\DR\PROJECTS\DRGAME\PROJ.WIN32\DEBUG.WIN32\LIBCOCOS2D.DLL
E:\GameWorkplaceNew\DRGame\DR\projects\DRGame\proj.win32\Debug.win32\libcocos2d.exp
E:\GameWorkplaceNew\DRGame\DR\projects\DRGame\proj.win32\Debug.win32\libcocos2d.lib
E:\GAMEWORKPLACENEW\DRGAME\DR\PROJECTS\DRGAME\PROJ.WIN32\DEBUG.WIN32\LIBCOCOS2D.PDB
F:\WORKPLACE\VS_WORKPLACE\DR\COCOS2DX\PROJ.WIN32\DEBUG.WIN32\AABB.OBJ
F:\WORKPLACE\VS_WORKPLACE\DR\COCOS2DX\PROJ.WIN32\DEBUG.WIN32\BASE64.OBJ
F:\WORKPLACE\VS_WORKPLACE\DR\COCOS2DX\PROJ.WIN32\DEBUG.WIN32\CCACCELEROMETER.OBJ
F:\WORKPLACE\VS_WORKPLACE\DR\COCOS2DX\PROJ.WIN32\DEBUG.WIN32\CCACTION.OBJ
F:\WORKPLACE\VS_WORKPLACE\DR\COCOS2DX\PROJ.WIN32\DEBUG.WIN32\CCACTIONCAMERA.OBJ
F:\WORKPLACE\VS_WORKPLACE\DR\COCOS2DX\PROJ.WIN32\DEBUG.WIN32\CCACTIONCATMULLROM.OBJ
F:\WORKPLACE\VS_WORKPLACE\DR\COCOS2DX\PROJ.WIN32\DEBUG.WIN32\CCACTIONEASE.OBJ
F:\WORKPLACE\VS_WORKPLACE\DR\COCOS2DX\PROJ.WIN32\DEBUG.WIN32\CCACTIONGRID.OBJ
F:\WORKPLACE\VS_WORKPLACE\DR\COCOS2DX\PROJ.WIN32\DEBUG.WIN32\CCACTIONGRID3D.OBJ
F:\WORKPLACE\VS_WORKPLACE\DR\COCOS2DX\PROJ.WIN32\DEBUG.WIN32\CCACTIONINSTANT.OBJ
F:\WORKPLACE\VS_WORKPLACE\DR\COCOS2DX\PROJ.WIN32\DEBUG.WIN32\CCACTIONINTERVAL.OBJ
F:\WORKPLACE\VS_WORKPLACE\DR\COCOS2DX\PROJ.WIN32\DEBUG.WIN32\CCACTIONMANAGER.OBJ
F:\WORKPLACE\VS_WORKPLACE\DR\COCOS2DX\PROJ.WIN32\DEBUG.WIN32\CCACTIONPAGETURN3D.OBJ
F:\WORKPLACE\VS_WORKPLACE\DR\COCOS2DX\PROJ.WIN32\DEBUG.WIN32\CCACTIONPROGRESSTIMER.OBJ
F:\WORKPLACE\VS_WORKPLACE\DR\COCOS2DX\PROJ.WIN32\DEBUG.WIN32\CCACTIONTILEDGRID.OBJ
F:\WORKPLACE\VS_WORKPLACE\DR\COCOS2DX\PROJ.WIN32\DEBUG.WIN32\CCACTIONTWEEN.OBJ
F:\WORKPLACE\VS_WORKPLACE\DR\COCOS2DX\PROJ.WIN32\DEBUG.WIN32\CCAFFINETRANSFORM.OBJ
F:\WORKPLACE\VS_WORKPLACE\DR\COCOS2DX\PROJ.WIN32\DEBUG.WIN32\CCANIMATION.OBJ
F:\WORKPLACE\VS_WORKPLACE\DR\COCOS2DX\PROJ.WIN32\DEBUG.WIN32\CCANIMATIONCACHE.OBJ
F:\WORKPLACE\VS_WORKPLACE\DR\COCOS2DX\PROJ.WIN32\DEBUG.WIN32\CCAPPLICATION.OBJ
F:\WORKPLACE\VS_WORKPLACE\DR\COCOS2DX\PROJ.WIN32\DEBUG.WIN32\CCARRAY.OBJ
F:\WORKPLACE\VS_WORKPLACE\DR\COCOS2DX\PROJ.WIN32\DEBUG.WIN32\CCATLASNODE.OBJ
F:\WORKPLACE\VS_WORKPLACE\DR\COCOS2DX\PROJ.WIN32\DEBUG.WIN32\CCAUTORELEASEPOOL.OBJ
F:\WORKPLACE\VS_WORKPLACE\DR\COCOS2DX\PROJ.WIN32\DEBUG.WIN32\CCCAMERA.OBJ
F:\WORKPLACE\VS_WORKPLACE\DR\COCOS2DX\PROJ.WIN32\DEBUG.WIN32\CCCARRAY.OBJ
F:\WORKPLACE\VS_WORKPLACE\DR\COCOS2DX\PROJ.WIN32\DEBUG.WIN32\CCCLIPPINGNODE.OBJ
F:\WORKPLACE\VS_WORKPLACE\DR\COCOS2DX\PROJ.WIN32\DEBUG.WIN32\CCCOMMON.OBJ
F:\WORKPLACE\VS_WORKPLACE\DR\COCOS2DX\PROJ.WIN32\DEBUG.WIN32\CCCOMPONENT.OBJ
F:\WORKPLACE\VS_WORKPLACE\DR\COCOS2DX\PROJ.WIN32\DEBUG.WIN32\CCCOMPONENTCONTAINER.OBJ
F:\WORKPLACE\VS_WORKPLACE\DR\COCOS2DX\PROJ.WIN32\DEBUG.WIN32\CCCONFIGURATION.OBJ
F:\WORKPLACE\VS_WORKPLACE\DR\COCOS2DX\PROJ.WIN32\DEBUG.WIN32\CCDATAVISITOR.OBJ
F:\WORKPLACE\VS_WORKPLACE\DR\COCOS2DX\PROJ.WIN32\DEBUG.WIN32\CCDEVICE.OBJ
F:\WORKPLACE\VS_WORKPLACE\DR\COCOS2DX\PROJ.WIN32\DEBUG.WIN32\CCDICTIONARY.OBJ
F:\WORKPLACE\VS_WORKPLACE\DR\COCOS2DX\PROJ.WIN32\DEBUG.WIN32\CCDIRECTOR.OBJ
F:\WORKPLACE\VS_WORKPLACE\DR\COCOS2DX\PROJ.WIN32\DEBUG.WIN32\CCDRAWINGPRIMITIVES.OBJ
F:\WORKPLACE\VS_WORKPLACE\DR\COCOS2DX\PROJ.WIN32\DEBUG.WIN32\CCDRAWNODE.OBJ
F:\WORKPLACE\VS_WORKPLACE\DR\COCOS2DX\PROJ.WIN32\DEBUG.WIN32\CCEGLVIEW.OBJ
F:\WORKPLACE\VS_WORKPLACE\DR\COCOS2DX\PROJ.WIN32\DEBUG.WIN32\CCEGLVIEWPROTOCOL.OBJ
F:\WORKPLACE\VS_WORKPLACE\DR\COCOS2DX\PROJ.WIN32\DEBUG.WIN32\CCFILEUTILS.OBJ
F:\WORKPLACE\VS_WORKPLACE\DR\COCOS2DX\PROJ.WIN32\DEBUG.WIN32\CCFILEUTILSWIN32.OBJ
F:\WORKPLACE\VS_WORKPLACE\DR\COCOS2DX\PROJ.WIN32\DEBUG.WIN32\CCFPSIMAGES.OBJ
F:\WORKPLACE\VS_WORKPLACE\DR\COCOS2DX\PROJ.WIN32\DEBUG.WIN32\CCGEOMETRY.OBJ
F:\WORKPLACE\VS_WORKPLACE\DR\COCOS2DX\PROJ.WIN32\DEBUG.WIN32\CCGLPROGRAM.OBJ
F:\WORKPLACE\VS_WORKPLACE\DR\COCOS2DX\PROJ.WIN32\DEBUG.WIN32\CCGLSTATECACHE.OBJ
F:\WORKPLACE\VS_WORKPLACE\DR\COCOS2DX\PROJ.WIN32\DEBUG.WIN32\CCGRABBER.OBJ
F:\WORKPLACE\VS_WORKPLACE\DR\COCOS2DX\PROJ.WIN32\DEBUG.WIN32\CCGRID.OBJ
F:\WORKPLACE\VS_WORKPLACE\DR\COCOS2DX\PROJ.WIN32\DEBUG.WIN32\CCIMAGE.OBJ
F:\WORKPLACE\VS_WORKPLACE\DR\COCOS2DX\PROJ.WIN32\DEBUG.WIN32\CCIMAGECOMMONWEBP.OBJ
F:\WORKPLACE\VS_WORKPLACE\DR\COCOS2DX\PROJ.WIN32\DEBUG.WIN32\CCIMEDISPATCHER.OBJ
F:\WORKPLACE\VS_WORKPLACE\DR\COCOS2DX\PROJ.WIN32\DEBUG.WIN32\CCKEYPADDELEGATE.OBJ
F:\WORKPLACE\VS_WORKPLACE\DR\COCOS2DX\PROJ.WIN32\DEBUG.WIN32\CCKEYPADDISPATCHER.OBJ
F:\WORKPLACE\VS_WORKPLACE\DR\COCOS2DX\PROJ.WIN32\DEBUG.WIN32\CCLABELATLAS.OBJ
F:\WORKPLACE\VS_WORKPLACE\DR\COCOS2DX\PROJ.WIN32\DEBUG.WIN32\CCLABELBMFONT.OBJ
F:\WORKPLACE\VS_WORKPLACE\DR\COCOS2DX\PROJ.WIN32\DEBUG.WIN32\CCLABELTTF.OBJ
F:\WORKPLACE\VS_WORKPLACE\DR\COCOS2DX\PROJ.WIN32\DEBUG.WIN32\CCLAYER.OBJ
F:\WORKPLACE\VS_WORKPLACE\DR\COCOS2DX\PROJ.WIN32\DEBUG.WIN32\CCMENU.OBJ
F:\WORKPLACE\VS_WORKPLACE\DR\COCOS2DX\PROJ.WIN32\DEBUG.WIN32\CCMENUITEM.OBJ
F:\WORKPLACE\VS_WORKPLACE\DR\COCOS2DX\PROJ.WIN32\DEBUG.WIN32\CCMOTIONSTREAK.OBJ
F:\WORKPLACE\VS_WORKPLACE\DR\COCOS2DX\PROJ.WIN32\DEBUG.WIN32\CCNODE.OBJ
F:\WORKPLACE\VS_WORKPLACE\DR\COCOS2DX\PROJ.WIN32\DEBUG.WIN32\CCNOTIFICATIONCENTER.OBJ
F:\WORKPLACE\VS_WORKPLACE\DR\COCOS2DX\PROJ.WIN32\DEBUG.WIN32\CCNS.OBJ
F:\WORKPLACE\VS_WORKPLACE\DR\COCOS2DX\PROJ.WIN32\DEBUG.WIN32\CCOBJECT.OBJ
F:\WORKPLACE\VS_WORKPLACE\DR\COCOS2DX\PROJ.WIN32\DEBUG.WIN32\CCPARALLAXNODE.OBJ
F:\WORKPLACE\VS_WORKPLACE\DR\COCOS2DX\PROJ.WIN32\DEBUG.WIN32\CCPARTICLEBATCHNODE.OBJ
F:\WORKPLACE\VS_WORKPLACE\DR\COCOS2DX\PROJ.WIN32\DEBUG.WIN32\CCPARTICLEEXAMPLES.OBJ
F:\WORKPLACE\VS_WORKPLACE\DR\COCOS2DX\PROJ.WIN32\DEBUG.WIN32\CCPARTICLESYSTEM.OBJ
F:\WORKPLACE\VS_WORKPLACE\DR\COCOS2DX\PROJ.WIN32\DEBUG.WIN32\CCPARTICLESYSTEMQUAD.OBJ
F:\WORKPLACE\VS_WORKPLACE\DR\COCOS2DX\PROJ.WIN32\DEBUG.WIN32\CCPOINTEXTENSION.OBJ
F:\WORKPLACE\VS_WORKPLACE\DR\COCOS2DX\PROJ.WIN32\DEBUG.WIN32\CCPROFILING.OBJ
F:\WORKPLACE\VS_WORKPLACE\DR\COCOS2DX\PROJ.WIN32\DEBUG.WIN32\CCPROGRESSTIMER.OBJ
F:\WORKPLACE\VS_WORKPLACE\DR\COCOS2DX\PROJ.WIN32\DEBUG.WIN32\CCRENDERTEXTURE.OBJ
F:\WORKPLACE\VS_WORKPLACE\DR\COCOS2DX\PROJ.WIN32\DEBUG.WIN32\CCSAXPARSER.OBJ
F:\WORKPLACE\VS_WORKPLACE\DR\COCOS2DX\PROJ.WIN32\DEBUG.WIN32\CCSCENE.OBJ
F:\WORKPLACE\VS_WORKPLACE\DR\COCOS2DX\PROJ.WIN32\DEBUG.WIN32\CCSCHEDULER.OBJ
F:\WORKPLACE\VS_WORKPLACE\DR\COCOS2DX\PROJ.WIN32\DEBUG.WIN32\CCSCRIPTSUPPORT.OBJ
F:\WORKPLACE\VS_WORKPLACE\DR\COCOS2DX\PROJ.WIN32\DEBUG.WIN32\CCSET.OBJ
F:\WORKPLACE\VS_WORKPLACE\DR\COCOS2DX\PROJ.WIN32\DEBUG.WIN32\CCSHADERCACHE.OBJ
F:\WORKPLACE\VS_WORKPLACE\DR\COCOS2DX\PROJ.WIN32\DEBUG.WIN32\CCSHADERS.OBJ
F:\WORKPLACE\VS_WORKPLACE\DR\COCOS2DX\PROJ.WIN32\DEBUG.WIN32\CCSPRITE.OBJ
F:\WORKPLACE\VS_WORKPLACE\DR\COCOS2DX\PROJ.WIN32\DEBUG.WIN32\CCSPRITEBATCHNODE.OBJ
F:\WORKPLACE\VS_WORKPLACE\DR\COCOS2DX\PROJ.WIN32\DEBUG.WIN32\CCSPRITEFRAME.OBJ
F:\WORKPLACE\VS_WORKPLACE\DR\COCOS2DX\PROJ.WIN32\DEBUG.WIN32\CCSPRITEFRAMECACHE.OBJ
F:\WORKPLACE\VS_WORKPLACE\DR\COCOS2DX\PROJ.WIN32\DEBUG.WIN32\CCSTDC.OBJ
F:\WORKPLACE\VS_WORKPLACE\DR\COCOS2DX\PROJ.WIN32\DEBUG.WIN32\CCSTRING.OBJ
F:\WORKPLACE\VS_WORKPLACE\DR\COCOS2DX\PROJ.WIN32\DEBUG.WIN32\CCTEXTFIELDTTF.OBJ
F:\WORKPLACE\VS_WORKPLACE\DR\COCOS2DX\PROJ.WIN32\DEBUG.WIN32\CCTEXTURE2D.OBJ
F:\WORKPLACE\VS_WORKPLACE\DR\COCOS2DX\PROJ.WIN32\DEBUG.WIN32\CCTEXTUREATLAS.OBJ
F:\WORKPLACE\VS_WORKPLACE\DR\COCOS2DX\PROJ.WIN32\DEBUG.WIN32\CCTEXTURECACHE.OBJ
F:\WORKPLACE\VS_WORKPLACE\DR\COCOS2DX\PROJ.WIN32\DEBUG.WIN32\CCTEXTUREETC.OBJ
F:\WORKPLACE\VS_WORKPLACE\DR\COCOS2DX\PROJ.WIN32\DEBUG.WIN32\CCTEXTUREPVR.OBJ
F:\WORKPLACE\VS_WORKPLACE\DR\COCOS2DX\PROJ.WIN32\DEBUG.WIN32\CCTHREAD.OBJ
F:\WORKPLACE\VS_WORKPLACE\DR\COCOS2DX\PROJ.WIN32\DEBUG.WIN32\CCTILEMAPATLAS.OBJ
F:\WORKPLACE\VS_WORKPLACE\DR\COCOS2DX\PROJ.WIN32\DEBUG.WIN32\CCTMXLAYER.OBJ
F:\WORKPLACE\VS_WORKPLACE\DR\COCOS2DX\PROJ.WIN32\DEBUG.WIN32\CCTMXOBJECTGROUP.OBJ
F:\WORKPLACE\VS_WORKPLACE\DR\COCOS2DX\PROJ.WIN32\DEBUG.WIN32\CCTMXTILEDMAP.OBJ
F:\WORKPLACE\VS_WORKPLACE\DR\COCOS2DX\PROJ.WIN32\DEBUG.WIN32\CCTMXXMLPARSER.OBJ
F:\WORKPLACE\VS_WORKPLACE\DR\COCOS2DX\PROJ.WIN32\DEBUG.WIN32\CCTOUCH.OBJ
F:\WORKPLACE\VS_WORKPLACE\DR\COCOS2DX\PROJ.WIN32\DEBUG.WIN32\CCTOUCHDISPATCHER.OBJ
F:\WORKPLACE\VS_WORKPLACE\DR\COCOS2DX\PROJ.WIN32\DEBUG.WIN32\CCTOUCHHANDLER.OBJ
F:\WORKPLACE\VS_WORKPLACE\DR\COCOS2DX\PROJ.WIN32\DEBUG.WIN32\CCTRANSITION.OBJ
F:\WORKPLACE\VS_WORKPLACE\DR\COCOS2DX\PROJ.WIN32\DEBUG.WIN32\CCTRANSITIONPAGETURN.OBJ
F:\WORKPLACE\VS_WORKPLACE\DR\COCOS2DX\PROJ.WIN32\DEBUG.WIN32\CCTRANSITIONPROGRESS.OBJ
F:\WORKPLACE\VS_WORKPLACE\DR\COCOS2DX\PROJ.WIN32\DEBUG.WIN32\CCUSERDEFAULT.OBJ
F:\WORKPLACE\VS_WORKPLACE\DR\COCOS2DX\PROJ.WIN32\DEBUG.WIN32\CCUTF8.OBJ
F:\WORKPLACE\VS_WORKPLACE\DR\COCOS2DX\PROJ.WIN32\DEBUG.WIN32\CCUTILS.OBJ
F:\WORKPLACE\VS_WORKPLACE\DR\COCOS2DX\PROJ.WIN32\DEBUG.WIN32\CCVERTEX.OBJ
F:\WORKPLACE\VS_WORKPLACE\DR\COCOS2DX\PROJ.WIN32\DEBUG.WIN32\CCZONE.OBJ
F:\workplace\VS_workplace\DR\cocos2dx\proj.win32\Debug.win32\cl.command.1.tlog
F:\workplace\VS_workplace\DR\cocos2dx\proj.win32\Debug.win32\CL.read.1.tlog
F:\workplace\VS_workplace\DR\cocos2dx\proj.win32\Debug.win32\CL.write.1.tlog
F:\WORKPLACE\VS_WORKPLACE\DR\COCOS2DX\PROJ.WIN32\DEBUG.WIN32\COCOS2D.OBJ
F:\WORKPLACE\VS_WORKPLACE\DR\COCOS2DX\PROJ.WIN32\DEBUG.WIN32\IOAPI.OBJ
F:\WORKPLACE\VS_WORKPLACE\DR\COCOS2DX\PROJ.WIN32\DEBUG.WIN32\LIBCOCOS2D.DLL.INTERMEDIATE.MANIFEST
F:\workplace\VS_workplace\DR\cocos2dx\proj.win32\Debug.win32\libcocos2d.write.1.tlog
F:\workplace\VS_workplace\DR\cocos2dx\proj.win32\Debug.win32\link.command.1.tlog
F:\workplace\VS_workplace\DR\cocos2dx\proj.win32\Debug.win32\link.read.1.tlog
F:\workplace\VS_workplace\DR\cocos2dx\proj.win32\Debug.win32\link.write.1.tlog
F:\WORKPLACE\VS_WORKPLACE\DR\COCOS2DX\PROJ.WIN32\DEBUG.WIN32\MAT3.OBJ
F:\WORKPLACE\VS_WORKPLACE\DR\COCOS2DX\PROJ.WIN32\DEBUG.WIN32\MAT4.OBJ
F:\WORKPLACE\VS_WORKPLACE\DR\COCOS2DX\PROJ.WIN32\DEBUG.WIN32\MAT4STACK.OBJ
F:\WORKPLACE\VS_WORKPLACE\DR\COCOS2DX\PROJ.WIN32\DEBUG.WIN32\MATRIX.OBJ
F:\workplace\VS_workplace\DR\cocos2dx\proj.win32\Debug.win32\mt.command.1.tlog
F:\workplace\VS_workplace\DR\cocos2dx\proj.win32\Debug.win32\mt.read.1.tlog
F:\workplace\VS_workplace\DR\cocos2dx\proj.win32\Debug.win32\mt.write.1.tlog
F:\WORKPLACE\VS_WORKPLACE\DR\COCOS2DX\PROJ.WIN32\DEBUG.WIN32\NEON_MATRIX_IMPL.OBJ
F:\WORKPLACE\VS_WORKPLACE\DR\COCOS2DX\PROJ.WIN32\DEBUG.WIN32\PLANE.OBJ
F:\WORKPLACE\VS_WORKPLACE\DR\COCOS2DX\PROJ.WIN32\DEBUG.WIN32\PLATFORM.OBJ
F:\WORKPLACE\VS_WORKPLACE\DR\COCOS2DX\PROJ.WIN32\DEBUG.WIN32\QUATERNION.OBJ
F:\WORKPLACE\VS_WORKPLACE\DR\COCOS2DX\PROJ.WIN32\DEBUG.WIN32\RAY2.OBJ
F:\WORKPLACE\VS_WORKPLACE\DR\COCOS2DX\PROJ.WIN32\DEBUG.WIN32\TGALIB.OBJ
F:\WORKPLACE\VS_WORKPLACE\DR\COCOS2DX\PROJ.WIN32\DEBUG.WIN32\TINYXML2.OBJ
F:\WORKPLACE\VS_WORKPLACE\DR\COCOS2DX\PROJ.WIN32\DEBUG.WIN32\TRANSFORMUTILS.OBJ
F:\WORKPLACE\VS_WORKPLACE\DR\COCOS2DX\PROJ.WIN32\DEBUG.WIN32\UNZIP.OBJ
F:\WORKPLACE\VS_WORKPLACE\DR\COCOS2DX\PROJ.WIN32\DEBUG.WIN32\UTILITY.OBJ
F:\workplace\VS_workplace\DR\cocos2dx\proj.win32\Debug.win32\vc100.idb
F:\WORKPLACE\VS_WORKPLACE\DR\COCOS2DX\PROJ.WIN32\DEBUG.WIN32\VC100.PDB
F:\WORKPLACE\VS_WORKPLACE\DR\COCOS2DX\PROJ.WIN32\DEBUG.WIN32\VEC2.OBJ
F:\WORKPLACE\VS_WORKPLACE\DR\COCOS2DX\PROJ.WIN32\DEBUG.WIN32\VEC3.OBJ
F:\WORKPLACE\VS_WORKPLACE\DR\COCOS2DX\PROJ.WIN32\DEBUG.WIN32\VEC4.OBJ
F:\WORKPLACE\VS_WORKPLACE\DR\COCOS2DX\PROJ.WIN32\DEBUG.WIN32\ZIPUTILS.OBJ
F:\WORKPLACE\VS_WORKPLACE\DR\PROJECTS\DRGAME\PROJ.WIN32\DEBUG.WIN32\LIBCOCOS2D.DLL
F:\workplace\VS_workplace\DR\projects\DRGame\proj.win32\Debug.win32\libcocos2d.exp
F:\workplace\VS_workplace\DR\projects\DRGame\proj.win32\Debug.win32\libcocos2d.lib
F:\WORKPLACE\VS_WORKPLACE\DR\PROJECTS\DRGAME\PROJ.WIN32\DEBUG.WIN32\LIBCOCOS2D.PDB
