E:\GAMEWORKPLACENEW\DRGAME\DR\EXTENSIONS\PROJ.WIN32\DEBUG.WIN32\ANIMATION.OBJ
E:\GAMEWORKPLACENEW\DRGAME\DR\EXTENSIONS\PROJ.WIN32\DEBUG.WIN32\ANIMATIONSTATE.OBJ
E:\GAMEWORKPLACENEW\DRGAME\DR\EXTENSIONS\PROJ.WIN32\DEBUG.WIN32\ANIMATIONSTATEDATA.OBJ
E:\GAMEWORKPLACENEW\DRGAME\DR\EXTENSIONS\PROJ.WIN32\DEBUG.WIN32\ASSETSMANAGER.OBJ
E:\GAMEWORKPLACENEW\DRGAME\DR\EXTENSIONS\PROJ.WIN32\DEBUG.WIN32\ATLAS.OBJ
E:\GAMEWORKPLACENEW\DRGAME\DR\EXTENSIONS\PROJ.WIN32\DEBUG.WIN32\ATLASATTACHMENTLOADER.OBJ
E:\GAMEWORKPLACENEW\DRGAME\DR\EXTENSIONS\PROJ.WIN32\DEBUG.WIN32\ATTACHMENT.OBJ
E:\GAMEWORKPLACENEW\DRGAME\DR\EXTENSIONS\PROJ.WIN32\DEBUG.WIN32\ATTACHMENTLOADER.OBJ
E:\GAMEWORKPLACENEW\DRGAME\DR\EXTENSIONS\PROJ.WIN32\DEBUG.WIN32\BONE.OBJ
E:\GAMEWORKPLACENEW\DRGAME\DR\EXTENSIONS\PROJ.WIN32\DEBUG.WIN32\BONEDATA.OBJ
E:\GAMEWORKPLACENEW\DRGAME\DR\EXTENSIONS\PROJ.WIN32\DEBUG.WIN32\CCACTIONEASEEX.OBJ
E:\GAMEWORKPLACENEW\DRGAME\DR\EXTENSIONS\PROJ.WIN32\DEBUG.WIN32\CCACTIONFRAME.OBJ
E:\GAMEWORKPLACENEW\DRGAME\DR\EXTENSIONS\PROJ.WIN32\DEBUG.WIN32\CCACTIONFRAMEEASING.OBJ
E:\GAMEWORKPLACENEW\DRGAME\DR\EXTENSIONS\PROJ.WIN32\DEBUG.WIN32\CCACTIONMANAGER.OBJ
E:\GAMEWORKPLACENEW\DRGAME\DR\EXTENSIONS\PROJ.WIN32\DEBUG.WIN32\CCACTIONNODE.OBJ
E:\GAMEWORKPLACENEW\DRGAME\DR\EXTENSIONS\PROJ.WIN32\DEBUG.WIN32\CCACTIONOBJECT.OBJ
E:\GAMEWORKPLACENEW\DRGAME\DR\EXTENSIONS\PROJ.WIN32\DEBUG.WIN32\CCARMATURE.OBJ
E:\GAMEWORKPLACENEW\DRGAME\DR\EXTENSIONS\PROJ.WIN32\DEBUG.WIN32\CCARMATUREANIMATION.OBJ
E:\GAMEWORKPLACENEW\DRGAME\DR\EXTENSIONS\PROJ.WIN32\DEBUG.WIN32\CCARMATUREDATAMANAGER.OBJ
E:\GAMEWORKPLACENEW\DRGAME\DR\EXTENSIONS\PROJ.WIN32\DEBUG.WIN32\CCARMATUREDEFINE.OBJ
E:\GAMEWORKPLACENEW\DRGAME\DR\EXTENSIONS\PROJ.WIN32\DEBUG.WIN32\CCBANIMATIONMANAGER.OBJ
E:\GAMEWORKPLACENEW\DRGAME\DR\EXTENSIONS\PROJ.WIN32\DEBUG.WIN32\CCBATCHNODE.OBJ
E:\GAMEWORKPLACENEW\DRGAME\DR\EXTENSIONS\PROJ.WIN32\DEBUG.WIN32\CCBFILELOADER.OBJ
E:\GAMEWORKPLACENEW\DRGAME\DR\EXTENSIONS\PROJ.WIN32\DEBUG.WIN32\CCBKEYFRAME.OBJ
E:\GAMEWORKPLACENEW\DRGAME\DR\EXTENSIONS\PROJ.WIN32\DEBUG.WIN32\CCBONE.OBJ
E:\GAMEWORKPLACENEW\DRGAME\DR\EXTENSIONS\PROJ.WIN32\DEBUG.WIN32\CCBREADER.OBJ
E:\GAMEWORKPLACENEW\DRGAME\DR\EXTENSIONS\PROJ.WIN32\DEBUG.WIN32\CCBSEQUENCE.OBJ
E:\GAMEWORKPLACENEW\DRGAME\DR\EXTENSIONS\PROJ.WIN32\DEBUG.WIN32\CCBSEQUENCEPROPERTY.OBJ
E:\GAMEWORKPLACENEW\DRGAME\DR\EXTENSIONS\PROJ.WIN32\DEBUG.WIN32\CCBVALUE.OBJ
E:\GAMEWORKPLACENEW\DRGAME\DR\EXTENSIONS\PROJ.WIN32\DEBUG.WIN32\CCCOLLIDERDETECTOR.OBJ
E:\GAMEWORKPLACENEW\DRGAME\DR\EXTENSIONS\PROJ.WIN32\DEBUG.WIN32\CCCOMATTRIBUTE.OBJ
E:\GAMEWORKPLACENEW\DRGAME\DR\EXTENSIONS\PROJ.WIN32\DEBUG.WIN32\CCCOMAUDIO.OBJ
E:\GAMEWORKPLACENEW\DRGAME\DR\EXTENSIONS\PROJ.WIN32\DEBUG.WIN32\CCCOMCONTROLLER.OBJ
E:\GAMEWORKPLACENEW\DRGAME\DR\EXTENSIONS\PROJ.WIN32\DEBUG.WIN32\CCCOMRENDER.OBJ
E:\GAMEWORKPLACENEW\DRGAME\DR\EXTENSIONS\PROJ.WIN32\DEBUG.WIN32\CCCONTROL.OBJ
E:\GAMEWORKPLACENEW\DRGAME\DR\EXTENSIONS\PROJ.WIN32\DEBUG.WIN32\CCCONTROLBUTTON.OBJ
E:\GAMEWORKPLACENEW\DRGAME\DR\EXTENSIONS\PROJ.WIN32\DEBUG.WIN32\CCCONTROLBUTTONLOADER.OBJ
E:\GAMEWORKPLACENEW\DRGAME\DR\EXTENSIONS\PROJ.WIN32\DEBUG.WIN32\CCCONTROLCOLOURPICKER.OBJ
E:\GAMEWORKPLACENEW\DRGAME\DR\EXTENSIONS\PROJ.WIN32\DEBUG.WIN32\CCCONTROLHUEPICKER.OBJ
E:\GAMEWORKPLACENEW\DRGAME\DR\EXTENSIONS\PROJ.WIN32\DEBUG.WIN32\CCCONTROLLOADER.OBJ
E:\GAMEWORKPLACENEW\DRGAME\DR\EXTENSIONS\PROJ.WIN32\DEBUG.WIN32\CCCONTROLPOTENTIOMETER.OBJ
E:\GAMEWORKPLACENEW\DRGAME\DR\EXTENSIONS\PROJ.WIN32\DEBUG.WIN32\CCCONTROLSATURATIONBRIGHTNESSPICKER.OBJ
E:\GAMEWORKPLACENEW\DRGAME\DR\EXTENSIONS\PROJ.WIN32\DEBUG.WIN32\CCCONTROLSLIDER.OBJ
E:\GAMEWORKPLACENEW\DRGAME\DR\EXTENSIONS\PROJ.WIN32\DEBUG.WIN32\CCCONTROLSTEPPER.OBJ
E:\GAMEWORKPLACENEW\DRGAME\DR\EXTENSIONS\PROJ.WIN32\DEBUG.WIN32\CCCONTROLSWITCH.OBJ
E:\GAMEWORKPLACENEW\DRGAME\DR\EXTENSIONS\PROJ.WIN32\DEBUG.WIN32\CCCONTROLUTILS.OBJ
E:\GAMEWORKPLACENEW\DRGAME\DR\EXTENSIONS\PROJ.WIN32\DEBUG.WIN32\CCDATA.OBJ
E:\GAMEWORKPLACENEW\DRGAME\DR\EXTENSIONS\PROJ.WIN32\DEBUG.WIN32\CCDATAREADERHELPER.OBJ
E:\GAMEWORKPLACENEW\DRGAME\DR\EXTENSIONS\PROJ.WIN32\DEBUG.WIN32\CCDATAS.OBJ
E:\GAMEWORKPLACENEW\DRGAME\DR\EXTENSIONS\PROJ.WIN32\DEBUG.WIN32\CCDECORATIVEDISPLAY.OBJ
E:\GAMEWORKPLACENEW\DRGAME\DR\EXTENSIONS\PROJ.WIN32\DEBUG.WIN32\CCDISPLAYFACTORY.OBJ
E:\GAMEWORKPLACENEW\DRGAME\DR\EXTENSIONS\PROJ.WIN32\DEBUG.WIN32\CCDISPLAYMANAGER.OBJ
E:\GAMEWORKPLACENEW\DRGAME\DR\EXTENSIONS\PROJ.WIN32\DEBUG.WIN32\CCEDITBOX.OBJ
E:\GAMEWORKPLACENEW\DRGAME\DR\EXTENSIONS\PROJ.WIN32\DEBUG.WIN32\CCEDITBOXIMPLWIN.OBJ
E:\GAMEWORKPLACENEW\DRGAME\DR\EXTENSIONS\PROJ.WIN32\DEBUG.WIN32\CCINPUTDELEGATE.OBJ
E:\GAMEWORKPLACENEW\DRGAME\DR\EXTENSIONS\PROJ.WIN32\DEBUG.WIN32\CCINVOCATION.OBJ
E:\GAMEWORKPLACENEW\DRGAME\DR\EXTENSIONS\PROJ.WIN32\DEBUG.WIN32\CCLABELBMFONTLOADER.OBJ
E:\GAMEWORKPLACENEW\DRGAME\DR\EXTENSIONS\PROJ.WIN32\DEBUG.WIN32\CCLABELTTFLOADER.OBJ
E:\GAMEWORKPLACENEW\DRGAME\DR\EXTENSIONS\PROJ.WIN32\DEBUG.WIN32\CCLAYERCOLORLOADER.OBJ
E:\GAMEWORKPLACENEW\DRGAME\DR\EXTENSIONS\PROJ.WIN32\DEBUG.WIN32\CCLAYERGRADIENTLOADER.OBJ
E:\GAMEWORKPLACENEW\DRGAME\DR\EXTENSIONS\PROJ.WIN32\DEBUG.WIN32\CCLAYERLOADER.OBJ
E:\GAMEWORKPLACENEW\DRGAME\DR\EXTENSIONS\PROJ.WIN32\DEBUG.WIN32\CCMENUITEMIMAGELOADER.OBJ
E:\GAMEWORKPLACENEW\DRGAME\DR\EXTENSIONS\PROJ.WIN32\DEBUG.WIN32\CCMENUITEMLOADER.OBJ
E:\GAMEWORKPLACENEW\DRGAME\DR\EXTENSIONS\PROJ.WIN32\DEBUG.WIN32\CCNODE+CCBRELATIVEPOSITIONING.OBJ
E:\GAMEWORKPLACENEW\DRGAME\DR\EXTENSIONS\PROJ.WIN32\DEBUG.WIN32\CCNODELOADER.OBJ
E:\GAMEWORKPLACENEW\DRGAME\DR\EXTENSIONS\PROJ.WIN32\DEBUG.WIN32\CCNODELOADERLIBRARY.OBJ
E:\GAMEWORKPLACENEW\DRGAME\DR\EXTENSIONS\PROJ.WIN32\DEBUG.WIN32\CCPARTICLESYSTEMQUADLOADER.OBJ
E:\GAMEWORKPLACENEW\DRGAME\DR\EXTENSIONS\PROJ.WIN32\DEBUG.WIN32\CCPHYSICSDEBUGNODE.OBJ
E:\GAMEWORKPLACENEW\DRGAME\DR\EXTENSIONS\PROJ.WIN32\DEBUG.WIN32\CCPHYSICSSPRITE.OBJ
E:\GAMEWORKPLACENEW\DRGAME\DR\EXTENSIONS\PROJ.WIN32\DEBUG.WIN32\CCPROCESSBASE.OBJ
E:\GAMEWORKPLACENEW\DRGAME\DR\EXTENSIONS\PROJ.WIN32\DEBUG.WIN32\CCSCALE9SPRITE.OBJ
E:\GAMEWORKPLACENEW\DRGAME\DR\EXTENSIONS\PROJ.WIN32\DEBUG.WIN32\CCSCALE9SPRITELOADER.OBJ
E:\GAMEWORKPLACENEW\DRGAME\DR\EXTENSIONS\PROJ.WIN32\DEBUG.WIN32\CCSCROLLVIEW.OBJ
E:\GAMEWORKPLACENEW\DRGAME\DR\EXTENSIONS\PROJ.WIN32\DEBUG.WIN32\CCSCROLLVIEWLOADER.OBJ
E:\GAMEWORKPLACENEW\DRGAME\DR\EXTENSIONS\PROJ.WIN32\DEBUG.WIN32\CCSKELETON.OBJ
E:\GAMEWORKPLACENEW\DRGAME\DR\EXTENSIONS\PROJ.WIN32\DEBUG.WIN32\CCSKELETONANIMATION.OBJ
E:\GAMEWORKPLACENEW\DRGAME\DR\EXTENSIONS\PROJ.WIN32\DEBUG.WIN32\CCSKIN.OBJ
E:\GAMEWORKPLACENEW\DRGAME\DR\EXTENSIONS\PROJ.WIN32\DEBUG.WIN32\CCSORTING.OBJ
E:\GAMEWORKPLACENEW\DRGAME\DR\EXTENSIONS\PROJ.WIN32\DEBUG.WIN32\CCSPRITEFRAMECACHEHELPER.OBJ
E:\GAMEWORKPLACENEW\DRGAME\DR\EXTENSIONS\PROJ.WIN32\DEBUG.WIN32\CCSPRITELOADER.OBJ
E:\GAMEWORKPLACENEW\DRGAME\DR\EXTENSIONS\PROJ.WIN32\DEBUG.WIN32\CCTABLEVIEW.OBJ
E:\GAMEWORKPLACENEW\DRGAME\DR\EXTENSIONS\PROJ.WIN32\DEBUG.WIN32\CCTABLEVIEWCELL.OBJ
E:\GAMEWORKPLACENEW\DRGAME\DR\EXTENSIONS\PROJ.WIN32\DEBUG.WIN32\CCTRANSFORMHELP.OBJ
E:\GAMEWORKPLACENEW\DRGAME\DR\EXTENSIONS\PROJ.WIN32\DEBUG.WIN32\CCTWEEN.OBJ
E:\GAMEWORKPLACENEW\DRGAME\DR\EXTENSIONS\PROJ.WIN32\DEBUG.WIN32\CCTWEENFUNCTION.OBJ
E:\GAMEWORKPLACENEW\DRGAME\DR\EXTENSIONS\PROJ.WIN32\DEBUG.WIN32\CCUTILMATH.OBJ
E:\GAMEWORKPLACENEW\DRGAME\DR\EXTENSIONS\PROJ.WIN32\DEBUG.WIN32\COCOSGUI.OBJ
E:\GAMEWORKPLACENEW\DRGAME\DR\EXTENSIONS\PROJ.WIN32\DEBUG.WIN32\DICTIONARYHELPER.OBJ
E:\GAMEWORKPLACENEW\DRGAME\DR\EXTENSIONS\PROJ.WIN32\DEBUG.WIN32\EXTENSION.OBJ
E:\GAMEWORKPLACENEW\DRGAME\DR\EXTENSIONS\PROJ.WIN32\DEBUG.WIN32\GUIREADER.OBJ
E:\GAMEWORKPLACENEW\DRGAME\DR\EXTENSIONS\PROJ.WIN32\DEBUG.WIN32\HTTPCLIENT.OBJ
E:\GAMEWORKPLACENEW\DRGAME\DR\EXTENSIONS\PROJ.WIN32\DEBUG.WIN32\JSON.OBJ
E:\GAMEWORKPLACENEW\DRGAME\DR\EXTENSIONS\PROJ.WIN32\DEBUG.WIN32\LOCALSTORAGE.OBJ
E:\GAMEWORKPLACENEW\DRGAME\DR\EXTENSIONS\PROJ.WIN32\DEBUG.WIN32\OBJECTFACTORY.OBJ
E:\GAMEWORKPLACENEW\DRGAME\DR\EXTENSIONS\PROJ.WIN32\DEBUG.WIN32\REGIONATTACHMENT.OBJ
E:\GAMEWORKPLACENEW\DRGAME\DR\EXTENSIONS\PROJ.WIN32\DEBUG.WIN32\SCENEREADER.OBJ
E:\GAMEWORKPLACENEW\DRGAME\DR\EXTENSIONS\PROJ.WIN32\DEBUG.WIN32\SKELETON.OBJ
E:\GAMEWORKPLACENEW\DRGAME\DR\EXTENSIONS\PROJ.WIN32\DEBUG.WIN32\SKELETONDATA.OBJ
E:\GAMEWORKPLACENEW\DRGAME\DR\EXTENSIONS\PROJ.WIN32\DEBUG.WIN32\SKELETONJSON.OBJ
E:\GAMEWORKPLACENEW\DRGAME\DR\EXTENSIONS\PROJ.WIN32\DEBUG.WIN32\SKIN.OBJ
E:\GAMEWORKPLACENEW\DRGAME\DR\EXTENSIONS\PROJ.WIN32\DEBUG.WIN32\SLOT.OBJ
E:\GAMEWORKPLACENEW\DRGAME\DR\EXTENSIONS\PROJ.WIN32\DEBUG.WIN32\SLOTDATA.OBJ
E:\GAMEWORKPLACENEW\DRGAME\DR\EXTENSIONS\PROJ.WIN32\DEBUG.WIN32\SPINE-COCOS2DX.OBJ
E:\GAMEWORKPLACENEW\DRGAME\DR\EXTENSIONS\PROJ.WIN32\DEBUG.WIN32\TRIGGERBASE.OBJ
E:\GAMEWORKPLACENEW\DRGAME\DR\EXTENSIONS\PROJ.WIN32\DEBUG.WIN32\TRIGGERMNG.OBJ
E:\GAMEWORKPLACENEW\DRGAME\DR\EXTENSIONS\PROJ.WIN32\DEBUG.WIN32\TRIGGEROBJ.OBJ
E:\GAMEWORKPLACENEW\DRGAME\DR\EXTENSIONS\PROJ.WIN32\DEBUG.WIN32\UIBUTTON.OBJ
E:\GAMEWORKPLACENEW\DRGAME\DR\EXTENSIONS\PROJ.WIN32\DEBUG.WIN32\UICHECKBOX.OBJ
E:\GAMEWORKPLACENEW\DRGAME\DR\EXTENSIONS\PROJ.WIN32\DEBUG.WIN32\UIHELPER.OBJ
E:\GAMEWORKPLACENEW\DRGAME\DR\EXTENSIONS\PROJ.WIN32\DEBUG.WIN32\UIIMAGEVIEW.OBJ
E:\GAMEWORKPLACENEW\DRGAME\DR\EXTENSIONS\PROJ.WIN32\DEBUG.WIN32\UILABEL.OBJ
E:\GAMEWORKPLACENEW\DRGAME\DR\EXTENSIONS\PROJ.WIN32\DEBUG.WIN32\UILABELATLAS.OBJ
E:\GAMEWORKPLACENEW\DRGAME\DR\EXTENSIONS\PROJ.WIN32\DEBUG.WIN32\UILABELBMFONT.OBJ
E:\GAMEWORKPLACENEW\DRGAME\DR\EXTENSIONS\PROJ.WIN32\DEBUG.WIN32\UILAYOUT.OBJ
E:\GAMEWORKPLACENEW\DRGAME\DR\EXTENSIONS\PROJ.WIN32\DEBUG.WIN32\UILAYOUTDEFINE.OBJ
E:\GAMEWORKPLACENEW\DRGAME\DR\EXTENSIONS\PROJ.WIN32\DEBUG.WIN32\UILAYOUTPARAMETER.OBJ
E:\GAMEWORKPLACENEW\DRGAME\DR\EXTENSIONS\PROJ.WIN32\DEBUG.WIN32\UILISTVIEW.OBJ
E:\GAMEWORKPLACENEW\DRGAME\DR\EXTENSIONS\PROJ.WIN32\DEBUG.WIN32\UILOADINGBAR.OBJ
E:\GAMEWORKPLACENEW\DRGAME\DR\EXTENSIONS\PROJ.WIN32\DEBUG.WIN32\UIPAGEVIEW.OBJ
E:\GAMEWORKPLACENEW\DRGAME\DR\EXTENSIONS\PROJ.WIN32\DEBUG.WIN32\UISCROLLVIEW.OBJ
E:\GAMEWORKPLACENEW\DRGAME\DR\EXTENSIONS\PROJ.WIN32\DEBUG.WIN32\UISLIDER.OBJ
E:\GAMEWORKPLACENEW\DRGAME\DR\EXTENSIONS\PROJ.WIN32\DEBUG.WIN32\UITEXTFIELD.OBJ
E:\GAMEWORKPLACENEW\DRGAME\DR\EXTENSIONS\PROJ.WIN32\DEBUG.WIN32\UITOUCHGROUP.OBJ
E:\GAMEWORKPLACENEW\DRGAME\DR\EXTENSIONS\PROJ.WIN32\DEBUG.WIN32\UIWIDGET.OBJ
E:\GAMEWORKPLACENEW\DRGAME\DR\EXTENSIONS\PROJ.WIN32\DEBUG.WIN32\VC100.PDB
E:\GAMEWORKPLACENEW\DRGAME\DR\EXTENSIONS\PROJ.WIN32\DEBUG.WIN32\WEBSOCKET.OBJ
E:\GAMEWORKPLACENEW\DRGAME\DR\EXTENSIONS\PROJ.WIN32\DEBUG.WIN32\WIN32INPUTBOX.OBJ
E:\GAMEWORKPLACENEW\DRGAME\DR\PROJECTS\DRGAME\PROJ.WIN32\DEBUG.WIN32\LIBEXTENSIONS.LIB
F:\WORKPLACE\VS_WORKPLACE\DR\EXTENSIONS\PROJ.WIN32\DEBUG.WIN32\ANIMATION.OBJ
F:\WORKPLACE\VS_WORKPLACE\DR\EXTENSIONS\PROJ.WIN32\DEBUG.WIN32\ANIMATIONSTATE.OBJ
F:\WORKPLACE\VS_WORKPLACE\DR\EXTENSIONS\PROJ.WIN32\DEBUG.WIN32\ANIMATIONSTATEDATA.OBJ
F:\WORKPLACE\VS_WORKPLACE\DR\EXTENSIONS\PROJ.WIN32\DEBUG.WIN32\ASSETSMANAGER.OBJ
F:\WORKPLACE\VS_WORKPLACE\DR\EXTENSIONS\PROJ.WIN32\DEBUG.WIN32\ATLAS.OBJ
F:\WORKPLACE\VS_WORKPLACE\DR\EXTENSIONS\PROJ.WIN32\DEBUG.WIN32\ATLASATTACHMENTLOADER.OBJ
F:\WORKPLACE\VS_WORKPLACE\DR\EXTENSIONS\PROJ.WIN32\DEBUG.WIN32\ATTACHMENT.OBJ
F:\WORKPLACE\VS_WORKPLACE\DR\EXTENSIONS\PROJ.WIN32\DEBUG.WIN32\ATTACHMENTLOADER.OBJ
F:\WORKPLACE\VS_WORKPLACE\DR\EXTENSIONS\PROJ.WIN32\DEBUG.WIN32\BONE.OBJ
F:\WORKPLACE\VS_WORKPLACE\DR\EXTENSIONS\PROJ.WIN32\DEBUG.WIN32\BONEDATA.OBJ
F:\WORKPLACE\VS_WORKPLACE\DR\EXTENSIONS\PROJ.WIN32\DEBUG.WIN32\CCACTIONEASEEX.OBJ
F:\WORKPLACE\VS_WORKPLACE\DR\EXTENSIONS\PROJ.WIN32\DEBUG.WIN32\CCACTIONFRAME.OBJ
F:\WORKPLACE\VS_WORKPLACE\DR\EXTENSIONS\PROJ.WIN32\DEBUG.WIN32\CCACTIONFRAMEEASING.OBJ
F:\WORKPLACE\VS_WORKPLACE\DR\EXTENSIONS\PROJ.WIN32\DEBUG.WIN32\CCACTIONMANAGER.OBJ
F:\WORKPLACE\VS_WORKPLACE\DR\EXTENSIONS\PROJ.WIN32\DEBUG.WIN32\CCACTIONNODE.OBJ
F:\WORKPLACE\VS_WORKPLACE\DR\EXTENSIONS\PROJ.WIN32\DEBUG.WIN32\CCACTIONOBJECT.OBJ
F:\WORKPLACE\VS_WORKPLACE\DR\EXTENSIONS\PROJ.WIN32\DEBUG.WIN32\CCARMATURE.OBJ
F:\WORKPLACE\VS_WORKPLACE\DR\EXTENSIONS\PROJ.WIN32\DEBUG.WIN32\CCARMATUREANIMATION.OBJ
F:\WORKPLACE\VS_WORKPLACE\DR\EXTENSIONS\PROJ.WIN32\DEBUG.WIN32\CCARMATUREDATAMANAGER.OBJ
F:\WORKPLACE\VS_WORKPLACE\DR\EXTENSIONS\PROJ.WIN32\DEBUG.WIN32\CCARMATUREDEFINE.OBJ
F:\WORKPLACE\VS_WORKPLACE\DR\EXTENSIONS\PROJ.WIN32\DEBUG.WIN32\CCBANIMATIONMANAGER.OBJ
F:\WORKPLACE\VS_WORKPLACE\DR\EXTENSIONS\PROJ.WIN32\DEBUG.WIN32\CCBATCHNODE.OBJ
F:\WORKPLACE\VS_WORKPLACE\DR\EXTENSIONS\PROJ.WIN32\DEBUG.WIN32\CCBFILELOADER.OBJ
F:\WORKPLACE\VS_WORKPLACE\DR\EXTENSIONS\PROJ.WIN32\DEBUG.WIN32\CCBKEYFRAME.OBJ
F:\WORKPLACE\VS_WORKPLACE\DR\EXTENSIONS\PROJ.WIN32\DEBUG.WIN32\CCBONE.OBJ
F:\WORKPLACE\VS_WORKPLACE\DR\EXTENSIONS\PROJ.WIN32\DEBUG.WIN32\CCBREADER.OBJ
F:\WORKPLACE\VS_WORKPLACE\DR\EXTENSIONS\PROJ.WIN32\DEBUG.WIN32\CCBSEQUENCE.OBJ
F:\WORKPLACE\VS_WORKPLACE\DR\EXTENSIONS\PROJ.WIN32\DEBUG.WIN32\CCBSEQUENCEPROPERTY.OBJ
F:\WORKPLACE\VS_WORKPLACE\DR\EXTENSIONS\PROJ.WIN32\DEBUG.WIN32\CCBVALUE.OBJ
F:\WORKPLACE\VS_WORKPLACE\DR\EXTENSIONS\PROJ.WIN32\DEBUG.WIN32\CCCOLLIDERDETECTOR.OBJ
F:\WORKPLACE\VS_WORKPLACE\DR\EXTENSIONS\PROJ.WIN32\DEBUG.WIN32\CCCOMATTRIBUTE.OBJ
F:\WORKPLACE\VS_WORKPLACE\DR\EXTENSIONS\PROJ.WIN32\DEBUG.WIN32\CCCOMAUDIO.OBJ
F:\WORKPLACE\VS_WORKPLACE\DR\EXTENSIONS\PROJ.WIN32\DEBUG.WIN32\CCCOMCONTROLLER.OBJ
F:\WORKPLACE\VS_WORKPLACE\DR\EXTENSIONS\PROJ.WIN32\DEBUG.WIN32\CCCOMRENDER.OBJ
F:\WORKPLACE\VS_WORKPLACE\DR\EXTENSIONS\PROJ.WIN32\DEBUG.WIN32\CCCONTROL.OBJ
F:\WORKPLACE\VS_WORKPLACE\DR\EXTENSIONS\PROJ.WIN32\DEBUG.WIN32\CCCONTROLBUTTON.OBJ
F:\WORKPLACE\VS_WORKPLACE\DR\EXTENSIONS\PROJ.WIN32\DEBUG.WIN32\CCCONTROLBUTTONLOADER.OBJ
F:\WORKPLACE\VS_WORKPLACE\DR\EXTENSIONS\PROJ.WIN32\DEBUG.WIN32\CCCONTROLCOLOURPICKER.OBJ
F:\WORKPLACE\VS_WORKPLACE\DR\EXTENSIONS\PROJ.WIN32\DEBUG.WIN32\CCCONTROLHUEPICKER.OBJ
F:\WORKPLACE\VS_WORKPLACE\DR\EXTENSIONS\PROJ.WIN32\DEBUG.WIN32\CCCONTROLLOADER.OBJ
F:\WORKPLACE\VS_WORKPLACE\DR\EXTENSIONS\PROJ.WIN32\DEBUG.WIN32\CCCONTROLPOTENTIOMETER.OBJ
F:\WORKPLACE\VS_WORKPLACE\DR\EXTENSIONS\PROJ.WIN32\DEBUG.WIN32\CCCONTROLSATURATIONBRIGHTNESSPICKER.OBJ
F:\WORKPLACE\VS_WORKPLACE\DR\EXTENSIONS\PROJ.WIN32\DEBUG.WIN32\CCCONTROLSLIDER.OBJ
F:\WORKPLACE\VS_WORKPLACE\DR\EXTENSIONS\PROJ.WIN32\DEBUG.WIN32\CCCONTROLSTEPPER.OBJ
F:\WORKPLACE\VS_WORKPLACE\DR\EXTENSIONS\PROJ.WIN32\DEBUG.WIN32\CCCONTROLSWITCH.OBJ
F:\WORKPLACE\VS_WORKPLACE\DR\EXTENSIONS\PROJ.WIN32\DEBUG.WIN32\CCCONTROLUTILS.OBJ
F:\WORKPLACE\VS_WORKPLACE\DR\EXTENSIONS\PROJ.WIN32\DEBUG.WIN32\CCDATA.OBJ
F:\WORKPLACE\VS_WORKPLACE\DR\EXTENSIONS\PROJ.WIN32\DEBUG.WIN32\CCDATAREADERHELPER.OBJ
F:\WORKPLACE\VS_WORKPLACE\DR\EXTENSIONS\PROJ.WIN32\DEBUG.WIN32\CCDATAS.OBJ
F:\WORKPLACE\VS_WORKPLACE\DR\EXTENSIONS\PROJ.WIN32\DEBUG.WIN32\CCDECORATIVEDISPLAY.OBJ
F:\WORKPLACE\VS_WORKPLACE\DR\EXTENSIONS\PROJ.WIN32\DEBUG.WIN32\CCDISPLAYFACTORY.OBJ
F:\WORKPLACE\VS_WORKPLACE\DR\EXTENSIONS\PROJ.WIN32\DEBUG.WIN32\CCDISPLAYMANAGER.OBJ
F:\WORKPLACE\VS_WORKPLACE\DR\EXTENSIONS\PROJ.WIN32\DEBUG.WIN32\CCEDITBOX.OBJ
F:\WORKPLACE\VS_WORKPLACE\DR\EXTENSIONS\PROJ.WIN32\DEBUG.WIN32\CCEDITBOXIMPLWIN.OBJ
F:\WORKPLACE\VS_WORKPLACE\DR\EXTENSIONS\PROJ.WIN32\DEBUG.WIN32\CCINPUTDELEGATE.OBJ
F:\WORKPLACE\VS_WORKPLACE\DR\EXTENSIONS\PROJ.WIN32\DEBUG.WIN32\CCINVOCATION.OBJ
F:\WORKPLACE\VS_WORKPLACE\DR\EXTENSIONS\PROJ.WIN32\DEBUG.WIN32\CCLABELBMFONTLOADER.OBJ
F:\WORKPLACE\VS_WORKPLACE\DR\EXTENSIONS\PROJ.WIN32\DEBUG.WIN32\CCLABELTTFLOADER.OBJ
F:\WORKPLACE\VS_WORKPLACE\DR\EXTENSIONS\PROJ.WIN32\DEBUG.WIN32\CCLAYERCOLORLOADER.OBJ
F:\WORKPLACE\VS_WORKPLACE\DR\EXTENSIONS\PROJ.WIN32\DEBUG.WIN32\CCLAYERGRADIENTLOADER.OBJ
F:\WORKPLACE\VS_WORKPLACE\DR\EXTENSIONS\PROJ.WIN32\DEBUG.WIN32\CCLAYERLOADER.OBJ
F:\WORKPLACE\VS_WORKPLACE\DR\EXTENSIONS\PROJ.WIN32\DEBUG.WIN32\CCMENUITEMIMAGELOADER.OBJ
F:\WORKPLACE\VS_WORKPLACE\DR\EXTENSIONS\PROJ.WIN32\DEBUG.WIN32\CCMENUITEMLOADER.OBJ
F:\WORKPLACE\VS_WORKPLACE\DR\EXTENSIONS\PROJ.WIN32\DEBUG.WIN32\CCNODE+CCBRELATIVEPOSITIONING.OBJ
F:\WORKPLACE\VS_WORKPLACE\DR\EXTENSIONS\PROJ.WIN32\DEBUG.WIN32\CCNODELOADER.OBJ
F:\WORKPLACE\VS_WORKPLACE\DR\EXTENSIONS\PROJ.WIN32\DEBUG.WIN32\CCNODELOADERLIBRARY.OBJ
F:\WORKPLACE\VS_WORKPLACE\DR\EXTENSIONS\PROJ.WIN32\DEBUG.WIN32\CCPARTICLESYSTEMQUADLOADER.OBJ
F:\WORKPLACE\VS_WORKPLACE\DR\EXTENSIONS\PROJ.WIN32\DEBUG.WIN32\CCPHYSICSDEBUGNODE.OBJ
F:\WORKPLACE\VS_WORKPLACE\DR\EXTENSIONS\PROJ.WIN32\DEBUG.WIN32\CCPHYSICSSPRITE.OBJ
F:\WORKPLACE\VS_WORKPLACE\DR\EXTENSIONS\PROJ.WIN32\DEBUG.WIN32\CCPROCESSBASE.OBJ
F:\WORKPLACE\VS_WORKPLACE\DR\EXTENSIONS\PROJ.WIN32\DEBUG.WIN32\CCSCALE9SPRITE.OBJ
F:\WORKPLACE\VS_WORKPLACE\DR\EXTENSIONS\PROJ.WIN32\DEBUG.WIN32\CCSCALE9SPRITELOADER.OBJ
F:\WORKPLACE\VS_WORKPLACE\DR\EXTENSIONS\PROJ.WIN32\DEBUG.WIN32\CCSCROLLVIEW.OBJ
F:\WORKPLACE\VS_WORKPLACE\DR\EXTENSIONS\PROJ.WIN32\DEBUG.WIN32\CCSCROLLVIEWLOADER.OBJ
F:\WORKPLACE\VS_WORKPLACE\DR\EXTENSIONS\PROJ.WIN32\DEBUG.WIN32\CCSKELETON.OBJ
F:\WORKPLACE\VS_WORKPLACE\DR\EXTENSIONS\PROJ.WIN32\DEBUG.WIN32\CCSKELETONANIMATION.OBJ
F:\WORKPLACE\VS_WORKPLACE\DR\EXTENSIONS\PROJ.WIN32\DEBUG.WIN32\CCSKIN.OBJ
F:\WORKPLACE\VS_WORKPLACE\DR\EXTENSIONS\PROJ.WIN32\DEBUG.WIN32\CCSORTING.OBJ
F:\WORKPLACE\VS_WORKPLACE\DR\EXTENSIONS\PROJ.WIN32\DEBUG.WIN32\CCSPRITEFRAMECACHEHELPER.OBJ
F:\WORKPLACE\VS_WORKPLACE\DR\EXTENSIONS\PROJ.WIN32\DEBUG.WIN32\CCSPRITELOADER.OBJ
F:\WORKPLACE\VS_WORKPLACE\DR\EXTENSIONS\PROJ.WIN32\DEBUG.WIN32\CCTABLEVIEW.OBJ
F:\WORKPLACE\VS_WORKPLACE\DR\EXTENSIONS\PROJ.WIN32\DEBUG.WIN32\CCTABLEVIEWCELL.OBJ
F:\WORKPLACE\VS_WORKPLACE\DR\EXTENSIONS\PROJ.WIN32\DEBUG.WIN32\CCTRANSFORMHELP.OBJ
F:\WORKPLACE\VS_WORKPLACE\DR\EXTENSIONS\PROJ.WIN32\DEBUG.WIN32\CCTWEEN.OBJ
F:\WORKPLACE\VS_WORKPLACE\DR\EXTENSIONS\PROJ.WIN32\DEBUG.WIN32\CCTWEENFUNCTION.OBJ
F:\WORKPLACE\VS_WORKPLACE\DR\EXTENSIONS\PROJ.WIN32\DEBUG.WIN32\CCUTILMATH.OBJ
F:\workplace\VS_workplace\DR\extensions\proj.win32\Debug.win32\cl.command.1.tlog
F:\workplace\VS_workplace\DR\extensions\proj.win32\Debug.win32\CL.read.1.tlog
F:\workplace\VS_workplace\DR\extensions\proj.win32\Debug.win32\CL.write.1.tlog
F:\WORKPLACE\VS_WORKPLACE\DR\EXTENSIONS\PROJ.WIN32\DEBUG.WIN32\COCOSGUI.OBJ
F:\WORKPLACE\VS_WORKPLACE\DR\EXTENSIONS\PROJ.WIN32\DEBUG.WIN32\DICTIONARYHELPER.OBJ
F:\WORKPLACE\VS_WORKPLACE\DR\EXTENSIONS\PROJ.WIN32\DEBUG.WIN32\EXTENSION.OBJ
F:\WORKPLACE\VS_WORKPLACE\DR\EXTENSIONS\PROJ.WIN32\DEBUG.WIN32\GUIREADER.OBJ
F:\WORKPLACE\VS_WORKPLACE\DR\EXTENSIONS\PROJ.WIN32\DEBUG.WIN32\HTTPCLIENT.OBJ
F:\WORKPLACE\VS_WORKPLACE\DR\EXTENSIONS\PROJ.WIN32\DEBUG.WIN32\JSON.OBJ
F:\workplace\VS_workplace\DR\extensions\proj.win32\Debug.win32\lib.command.1.tlog
F:\workplace\VS_workplace\DR\extensions\proj.win32\Debug.win32\Lib-link.read.1.tlog
F:\workplace\VS_workplace\DR\extensions\proj.win32\Debug.win32\Lib-link.write.1.tlog
F:\WORKPLACE\VS_WORKPLACE\DR\EXTENSIONS\PROJ.WIN32\DEBUG.WIN32\LOCALSTORAGE.OBJ
F:\WORKPLACE\VS_WORKPLACE\DR\EXTENSIONS\PROJ.WIN32\DEBUG.WIN32\OBJECTFACTORY.OBJ
F:\WORKPLACE\VS_WORKPLACE\DR\EXTENSIONS\PROJ.WIN32\DEBUG.WIN32\REGIONATTACHMENT.OBJ
F:\WORKPLACE\VS_WORKPLACE\DR\EXTENSIONS\PROJ.WIN32\DEBUG.WIN32\SCENEREADER.OBJ
F:\WORKPLACE\VS_WORKPLACE\DR\EXTENSIONS\PROJ.WIN32\DEBUG.WIN32\SKELETON.OBJ
F:\WORKPLACE\VS_WORKPLACE\DR\EXTENSIONS\PROJ.WIN32\DEBUG.WIN32\SKELETONDATA.OBJ
F:\WORKPLACE\VS_WORKPLACE\DR\EXTENSIONS\PROJ.WIN32\DEBUG.WIN32\SKELETONJSON.OBJ
F:\WORKPLACE\VS_WORKPLACE\DR\EXTENSIONS\PROJ.WIN32\DEBUG.WIN32\SKIN.OBJ
F:\WORKPLACE\VS_WORKPLACE\DR\EXTENSIONS\PROJ.WIN32\DEBUG.WIN32\SLOT.OBJ
F:\WORKPLACE\VS_WORKPLACE\DR\EXTENSIONS\PROJ.WIN32\DEBUG.WIN32\SLOTDATA.OBJ
F:\WORKPLACE\VS_WORKPLACE\DR\EXTENSIONS\PROJ.WIN32\DEBUG.WIN32\SPINE-COCOS2DX.OBJ
F:\WORKPLACE\VS_WORKPLACE\DR\EXTENSIONS\PROJ.WIN32\DEBUG.WIN32\TRIGGERBASE.OBJ
F:\WORKPLACE\VS_WORKPLACE\DR\EXTENSIONS\PROJ.WIN32\DEBUG.WIN32\TRIGGERMNG.OBJ
F:\WORKPLACE\VS_WORKPLACE\DR\EXTENSIONS\PROJ.WIN32\DEBUG.WIN32\TRIGGEROBJ.OBJ
F:\WORKPLACE\VS_WORKPLACE\DR\EXTENSIONS\PROJ.WIN32\DEBUG.WIN32\UIBUTTON.OBJ
F:\WORKPLACE\VS_WORKPLACE\DR\EXTENSIONS\PROJ.WIN32\DEBUG.WIN32\UICHECKBOX.OBJ
F:\WORKPLACE\VS_WORKPLACE\DR\EXTENSIONS\PROJ.WIN32\DEBUG.WIN32\UIHELPER.OBJ
F:\WORKPLACE\VS_WORKPLACE\DR\EXTENSIONS\PROJ.WIN32\DEBUG.WIN32\UIIMAGEVIEW.OBJ
F:\WORKPLACE\VS_WORKPLACE\DR\EXTENSIONS\PROJ.WIN32\DEBUG.WIN32\UILABEL.OBJ
F:\WORKPLACE\VS_WORKPLACE\DR\EXTENSIONS\PROJ.WIN32\DEBUG.WIN32\UILABELATLAS.OBJ
F:\WORKPLACE\VS_WORKPLACE\DR\EXTENSIONS\PROJ.WIN32\DEBUG.WIN32\UILABELBMFONT.OBJ
F:\WORKPLACE\VS_WORKPLACE\DR\EXTENSIONS\PROJ.WIN32\DEBUG.WIN32\UILAYOUT.OBJ
F:\WORKPLACE\VS_WORKPLACE\DR\EXTENSIONS\PROJ.WIN32\DEBUG.WIN32\UILAYOUTDEFINE.OBJ
F:\WORKPLACE\VS_WORKPLACE\DR\EXTENSIONS\PROJ.WIN32\DEBUG.WIN32\UILAYOUTPARAMETER.OBJ
F:\WORKPLACE\VS_WORKPLACE\DR\EXTENSIONS\PROJ.WIN32\DEBUG.WIN32\UILISTVIEW.OBJ
F:\WORKPLACE\VS_WORKPLACE\DR\EXTENSIONS\PROJ.WIN32\DEBUG.WIN32\UILOADINGBAR.OBJ
F:\WORKPLACE\VS_WORKPLACE\DR\EXTENSIONS\PROJ.WIN32\DEBUG.WIN32\UIPAGEVIEW.OBJ
F:\WORKPLACE\VS_WORKPLACE\DR\EXTENSIONS\PROJ.WIN32\DEBUG.WIN32\UISCROLLVIEW.OBJ
F:\WORKPLACE\VS_WORKPLACE\DR\EXTENSIONS\PROJ.WIN32\DEBUG.WIN32\UISLIDER.OBJ
F:\WORKPLACE\VS_WORKPLACE\DR\EXTENSIONS\PROJ.WIN32\DEBUG.WIN32\UITEXTFIELD.OBJ
F:\WORKPLACE\VS_WORKPLACE\DR\EXTENSIONS\PROJ.WIN32\DEBUG.WIN32\UITOUCHGROUP.OBJ
F:\WORKPLACE\VS_WORKPLACE\DR\EXTENSIONS\PROJ.WIN32\DEBUG.WIN32\UIWIDGET.OBJ
F:\workplace\VS_workplace\DR\extensions\proj.win32\Debug.win32\vc100.idb
F:\WORKPLACE\VS_WORKPLACE\DR\EXTENSIONS\PROJ.WIN32\DEBUG.WIN32\VC100.PDB
F:\WORKPLACE\VS_WORKPLACE\DR\EXTENSIONS\PROJ.WIN32\DEBUG.WIN32\WEBSOCKET.OBJ
F:\WORKPLACE\VS_WORKPLACE\DR\EXTENSIONS\PROJ.WIN32\DEBUG.WIN32\WIN32INPUTBOX.OBJ
F:\WORKPLACE\VS_WORKPLACE\DR\PROJECTS\DRGAME\PROJ.WIN32\DEBUG.WIN32\LIBEXTENSIONS.LIB
