生成启动时间为 2014/2/10 19:27:19。
     1>项目“F:\workplace\VS_workplace\DR\extensions\proj.win32\libExtensions.vcxproj”在节点 3 上(rebuild 个目标)。
     1>_PrepareForClean:
         正在删除文件“Debug.win32\libExtensions.lastbuildstate”。
       InitializeBuildStatus:
         正在创建“Debug.win32\libExtensions.unsuccessfulbuild”，因为已指定“AlwaysCreate”。
       ClCompile:
         d:\program files\Microsoft Visual Studio 10.0\VC\bin\CL.exe /c /I"C:\Program Files (x86)\Microsoft SDKs\Windows\v7.1A\include" /IF:\workplace\VS_workplace\DR\extensions\proj.win32\..\..\external\chipmunk\include\chipmunk /IF:\workplace\VS_workplace\DR\extensions\proj.win32\..\..\external\sqlite3\include /IF:\workplace\VS_workplace\DR\extensions\proj.win32\..\..\external /IF:\workplace\VS_workplace\DR\extensions\proj.win32\..\..\external\libwebsockets\win32\include /IF:\workplace\VS_workplace\DR\extensions\proj.win32\..\..\cocos2dx /IF:\workplace\VS_workplace\DR\extensions\proj.win32\..\..\cocos2dx\include /IF:\workplace\VS_workplace\DR\extensions\proj.win32\..\..\cocos2dx\kazmath\include /IF:\workplace\VS_workplace\DR\extensions\proj.win32\..\..\cocos2dx\platform\win32 /IF:\workplace\VS_workplace\DR\extensions\proj.win32\..\..\cocos2dx\platform\third_party\win32 /IF:\workplace\VS_workplace\DR\extensions\proj.win32\..\..\cocos2dx\platform\third_party\win32\pthread /IF:\workplace\VS_workplace\DR\extensions\proj.win32\..\..\cocos2dx\platform\third_party\win32\OGLES /IF:\workplace\VS_workplace\DR\extensions\proj.win32\..\..\cocos2dx\platform\third_party\win32\zlib /IF:\workplace\VS_workplace\DR\extensions\proj.win32\..\..\CocosDenshion\include /I..\ /ZI /nologo /W3 /WX- /Od /Oy- /D WIN32 /D _WINDOWS /D _DEBUG /D _LIB /D COCOS2D_DEBUG=1 /D CC_ENABLE_CHIPMUNK_INTEGRATION=1 /D _CRT_SECURE_NO_WARNINGS /D _SCL_SECURE_NO_WARNINGS /D _UNICODE /D UNICODE /Gm /EHsc /RTC1 /MDd /GS /fp:precise /Zc:wchar_t /Zc:forScope /Fo"Debug.win32\\" /Fd"Debug.win32\vc100.pdb" /Gd /TP /wd4267 /wd4251 /wd4244 /analyze- /errorReport:prompt ..\AssetsManager\AssetsManager.cpp ..\CCBReader\CCBAnimationManager.cpp ..\CCBReader\CCBFileLoader.cpp ..\CCBReader\CCBKeyframe.cpp ..\CCBReader\CCBReader.cpp ..\CCBReader\CCBSequence.cpp ..\CCBReader\CCBSequenceProperty.cpp ..\CCBReader\CCBValue.cpp ..\CCBReader\CCControlButtonLoader.cpp ..\CCBReader\CCControlLoader.cpp ..\CCBReader\CCData.cpp ..\CCBReader\CCLabelBMFontLoader.cpp ..\CCBReader\CCLabelTTFLoader.cpp ..\CCBReader\CCLayerColorLoader.cpp ..\CCBReader\CCLayerGradientLoader.cpp ..\CCBReader\CCLayerLoader.cpp ..\CCBReader\CCMenuItemImageLoader.cpp ..\CCBReader\CCMenuItemLoader.cpp ..\CCBReader\CCNode+CCBRelativePositioning.cpp ..\CCBReader\CCNodeLoader.cpp ..\CCBReader\CCNodeLoaderLibrary.cpp ..\CCBReader\CCParticleSystemQuadLoader.cpp ..\CCBReader\CCScale9SpriteLoader.cpp ..\CCBReader\CCScrollViewLoader.cpp ..\CCBReader\CCSpriteLoader.cpp ..\CocoStudio\Action\CCActionEaseEx.cpp ..\CocoStudio\Action\CCActionFrame.cpp ..\CocoStudio\Action\CCActionFrameEasing.cpp ..\CocoStudio\Action\CCActionManager.cpp ..\CocoStudio\Action\CCActionNode.cpp ..\CocoStudio\Action\CCActionObject.cpp ..\CocoStudio\Armature\animation\CCArmatureAnimation.cpp ..\CocoStudio\Armature\animation\CCProcessBase.cpp ..\CocoStudio\Armature\animation\CCTween.cpp ..\CocoStudio\Armature\CCArmature.cpp ..\CocoStudio\Armature\CCBone.cpp ..\CocoStudio\Armature\datas\CCDatas.cpp ..\CocoStudio\Armature\display\CCBatchNode.cpp ..\CocoStudio\Armature\display\CCDecorativeDisplay.cpp ..\CocoStudio\Armature\display\CCDisplayFactory.cpp ..\CocoStudio\Armature\display\CCDisplayManager.cpp ..\CocoStudio\Armature\display\CCSkin.cpp ..\CocoStudio\Armature\physics\CCColliderDetector.cpp ..\CocoStudio\Armature\utils\CCArmatureDataManager.cpp ..\CocoStudio\Armature\utils\CCArmatureDefine.cpp ..\CocoStudio\Armature\utils\CCDataReaderHelper.cpp ..\CocoStudio\Armature\utils\CCSpriteFrameCacheHelper.cpp ..\CocoStudio\Armature\utils\CCTransformHelp.cpp ..\CocoStudio\Armature\utils\CCTweenFunction.cpp ..\CocoStudio\Armature\utils\CCUtilMath.cpp ..\CocoStudio\Components\CCComAttribute.cpp ..\CocoStudio\Components\CCComAudio.cpp ..\CocoStudio\Components\CCComController.cpp ..\CocoStudio\Components\CCComRender.cpp ..\CocoStudio\Components\CCInputDelegate.cpp ..\CocoStudio\GUI\BaseClasses\UIWidget.cpp ..\CocoStudio\GUI\Layouts\UILayout.cpp ..\CocoStudio\GUI\Layouts\UILayoutDefine.cpp ..\CocoStudio\GUI\Layouts\UILayoutParameter.cpp ..\CocoStudio\GUI\System\CocosGUI.cpp ..\CocoStudio\GUI\System\UIHelper.cpp ..\CocoStudio\GUI\System\UITouchGroup.cpp ..\CocoStudio\GUI\UIWidgets\ScrollWidget\UIListView.cpp ..\CocoStudio\GUI\UIWidgets\ScrollWidget\UIPageView.cpp ..\CocoStudio\GUI\UIWidgets\ScrollWidget\UIScrollView.cpp ..\CocoStudio\GUI\UIWidgets\UIButton.cpp ..\CocoStudio\GUI\UIWidgets\UICheckBox.cpp ..\CocoStudio\GUI\UIWidgets\UIImageView.cpp ..\CocoStudio\GUI\UIWidgets\UILabel.cpp ..\CocoStudio\GUI\UIWidgets\UILabelAtlas.cpp ..\CocoStudio\GUI\UIWidgets\UILabelBMFont.cpp ..\CocoStudio\GUI\UIWidgets\UILoadingBar.cpp ..\CocoStudio\GUI\UIWidgets\UISlider.cpp ..\CocoStudio\GUI\UIWidgets\UITextField.cpp ..\CocoStudio\Json\DictionaryHelper.cpp ..\CocoStudio\Reader\GUIReader.cpp ..\CocoStudio\Reader\SceneReader.cpp ..\CocoStudio\Trigger\ObjectFactory.cpp ..\CocoStudio\Trigger\TriggerBase.cpp ..\CocoStudio\Trigger\TriggerMng.cpp ..\CocoStudio\Trigger\TriggerObj.cpp ..\GUI\CCControlExtension\CCControl.cpp ..\GUI\CCControlExtension\CCControlButton.cpp ..\GUI\CCControlExtension\CCControlColourPicker.cpp ..\GUI\CCControlExtension\CCControlHuePicker.cpp ..\GUI\CCControlExtension\CCControlPotentiometer.cpp ..\GUI\CCControlExtension\CCControlSaturationBrightnessPicker.cpp ..\GUI\CCControlExtension\CCControlSlider.cpp ..\GUI\CCControlExtension\CCControlStepper.cpp ..\GUI\CCControlExtension\CCControlSwitch.cpp ..\GUI\CCControlExtension\CCControlUtils.cpp ..\GUI\CCControlExtension\CCInvocation.cpp ..\GUI\CCControlExtension\CCScale9Sprite.cpp ..\GUI\CCEditBox\CCEditBox.cpp ..\GUI\CCEditBox\CCEditBoxImplWin.cpp ..\GUI\CCScrollView\CCScrollView.cpp ..\GUI\CCScrollView\CCSorting.cpp ..\GUI\CCScrollView\CCTableView.cpp ..\GUI\CCScrollView\CCTableViewCell.cpp ..\LocalStorage\LocalStorage.cpp ..\network\HttpClient.cpp ..\network\Websocket.cpp ..\physics_nodes\CCPhysicsDebugNode.cpp ..\physics_nodes\CCPhysicsSprite.cpp ..\spine\Animation.cpp ..\spine\AnimationState.cpp ..\spine\AnimationStateData.cpp ..\spine\Atlas.cpp ..\spine\AtlasAttachmentLoader.cpp ..\spine\Attachment.cpp ..\spine\AttachmentLoader.cpp ..\spine\Bone.cpp ..\spine\BoneData.cpp ..\spine\CCSkeleton.cpp ..\spine\CCSkeletonAnimation.cpp ..\spine\extension.cpp ..\spine\Json.cpp ..\spine\RegionAttachment.cpp ..\spine\Skeleton.cpp ..\spine\SkeletonData.cpp ..\spine\SkeletonJson.cpp ..\spine\Skin.cpp ..\spine\Slot.cpp ..\spine\SlotData.cpp "..\spine\spine-cocos2dx.cpp" Win32InputBox.cpp
         Win32InputBox.cpp
         spine-cocos2dx.cpp
         SlotData.cpp
         Slot.cpp
         Skin.cpp
         SkeletonJson.cpp
         SkeletonData.cpp
         Skeleton.cpp
         RegionAttachment.cpp
         Json.cpp
         extension.cpp
         CCSkeletonAnimation.cpp
         CCSkeleton.cpp
         BoneData.cpp
         Bone.cpp
         AttachmentLoader.cpp
         Attachment.cpp
         AtlasAttachmentLoader.cpp
         Atlas.cpp
         AnimationStateData.cpp
         正在生成代码...
         正在编译...
         AnimationState.cpp
         Animation.cpp
         CCPhysicsSprite.cpp
         CCPhysicsDebugNode.cpp
         Websocket.cpp
         HttpClient.cpp
         LocalStorage.cpp
         CCTableViewCell.cpp
         CCTableView.cpp
         CCSorting.cpp
         CCScrollView.cpp
         CCEditBoxImplWin.cpp
         CCEditBox.cpp
         CCScale9Sprite.cpp
         CCInvocation.cpp
         CCControlUtils.cpp
         CCControlSwitch.cpp
         CCControlStepper.cpp
         CCControlSlider.cpp
         CCControlSaturationBrightnessPicker.cpp
         正在生成代码...
         正在编译...
         CCControlPotentiometer.cpp
         CCControlHuePicker.cpp
         CCControlColourPicker.cpp
         CCControlButton.cpp
         CCControl.cpp
         TriggerObj.cpp
         TriggerMng.cpp
         TriggerBase.cpp
         ObjectFactory.cpp
         SceneReader.cpp
         GUIReader.cpp
         DictionaryHelper.cpp
         UITextField.cpp
         UISlider.cpp
         UILoadingBar.cpp
         UILabelBMFont.cpp
         UILabelAtlas.cpp
         UILabel.cpp
         UIImageView.cpp
         UICheckBox.cpp
         正在生成代码...
         正在编译...
         UIButton.cpp
         UIScrollView.cpp
         UIPageView.cpp
         UIListView.cpp
         UITouchGroup.cpp
         UIHelper.cpp
         CocosGUI.cpp
         UILayoutParameter.cpp
         UILayoutDefine.cpp
         UILayout.cpp
         UIWidget.cpp
         CCInputDelegate.cpp
         CCComRender.cpp
         CCComController.cpp
         CCComAudio.cpp
         CCComAttribute.cpp
         CCUtilMath.cpp
         CCTweenFunction.cpp
         CCTransformHelp.cpp
         CCSpriteFrameCacheHelper.cpp
         正在生成代码...
         正在编译...
         CCDataReaderHelper.cpp
     1>f:\workplace\vs_workplace\dr\extensions\cocostudio\armature\utils\ccdatareaderhelper.cpp(824): warning C4800: “int”: 将值强制为布尔值“true”或“false”(性能警告)
         CCArmatureDefine.cpp
         CCArmatureDataManager.cpp
         CCColliderDetector.cpp
         CCSkin.cpp
         CCDisplayManager.cpp
         CCDisplayFactory.cpp
         CCDecorativeDisplay.cpp
         CCBatchNode.cpp
         CCDatas.cpp
         CCBone.cpp
         CCArmature.cpp
         CCTween.cpp
         CCProcessBase.cpp
         CCArmatureAnimation.cpp
         CCActionObject.cpp
         CCActionNode.cpp
         CCActionManager.cpp
         CCActionFrameEasing.cpp
         CCActionFrame.cpp
         正在生成代码...
         正在编译...
         CCActionEaseEx.cpp
         CCSpriteLoader.cpp
         CCScrollViewLoader.cpp
         CCScale9SpriteLoader.cpp
         CCParticleSystemQuadLoader.cpp
         CCNodeLoaderLibrary.cpp
         CCNodeLoader.cpp
         CCNode+CCBRelativePositioning.cpp
         CCMenuItemLoader.cpp
         CCMenuItemImageLoader.cpp
         CCLayerLoader.cpp
         CCLayerGradientLoader.cpp
         CCLayerColorLoader.cpp
         CCLabelTTFLoader.cpp
         CCLabelBMFontLoader.cpp
         CCData.cpp
         CCControlLoader.cpp
         CCControlButtonLoader.cpp
         CCBValue.cpp
         CCBSequenceProperty.cpp
         正在生成代码...
         正在编译...
         CCBSequence.cpp
         CCBReader.cpp
         CCBKeyframe.cpp
         CCBFileLoader.cpp
         CCBAnimationManager.cpp
         AssetsManager.cpp
         正在生成代码...
       Lib:
         d:\program files\Microsoft Visual Studio 10.0\VC\bin\Lib.exe /OUT:"F:\workplace\VS_workplace\DR\projects\DRGame\proj.win32\Debug.win32\libExtensions.lib" /NOLOGO Debug.win32\AssetsManager.obj
         Debug.win32\CCBAnimationManager.obj
         Debug.win32\CCBFileLoader.obj
         Debug.win32\CCBKeyframe.obj
         Debug.win32\CCBReader.obj
         Debug.win32\CCBSequence.obj
         Debug.win32\CCBSequenceProperty.obj
         Debug.win32\CCBValue.obj
         Debug.win32\CCControlButtonLoader.obj
         Debug.win32\CCControlLoader.obj
         Debug.win32\CCData.obj
         Debug.win32\CCLabelBMFontLoader.obj
         Debug.win32\CCLabelTTFLoader.obj
         Debug.win32\CCLayerColorLoader.obj
         Debug.win32\CCLayerGradientLoader.obj
         Debug.win32\CCLayerLoader.obj
         Debug.win32\CCMenuItemImageLoader.obj
         Debug.win32\CCMenuItemLoader.obj
         Debug.win32\CCNode+CCBRelativePositioning.obj
         Debug.win32\CCNodeLoader.obj
         Debug.win32\CCNodeLoaderLibrary.obj
         Debug.win32\CCParticleSystemQuadLoader.obj
         Debug.win32\CCScale9SpriteLoader.obj
         Debug.win32\CCScrollViewLoader.obj
         Debug.win32\CCSpriteLoader.obj
         Debug.win32\CCActionEaseEx.obj
         Debug.win32\CCActionFrame.obj
         Debug.win32\CCActionFrameEasing.obj
         Debug.win32\CCActionManager.obj
         Debug.win32\CCActionNode.obj
         Debug.win32\CCActionObject.obj
         Debug.win32\CCArmatureAnimation.obj
         Debug.win32\CCProcessBase.obj
         Debug.win32\CCTween.obj
         Debug.win32\CCArmature.obj
         Debug.win32\CCBone.obj
         Debug.win32\CCDatas.obj
         Debug.win32\CCBatchNode.obj
         Debug.win32\CCDecorativeDisplay.obj
         Debug.win32\CCDisplayFactory.obj
         Debug.win32\CCDisplayManager.obj
         Debug.win32\CCSkin.obj
         Debug.win32\CCColliderDetector.obj
         Debug.win32\CCArmatureDataManager.obj
         Debug.win32\CCArmatureDefine.obj
         Debug.win32\CCDataReaderHelper.obj
         Debug.win32\CCSpriteFrameCacheHelper.obj
         Debug.win32\CCTransformHelp.obj
         Debug.win32\CCTweenFunction.obj
         Debug.win32\CCUtilMath.obj
         Debug.win32\CCComAttribute.obj
         Debug.win32\CCComAudio.obj
         Debug.win32\CCComController.obj
         Debug.win32\CCComRender.obj
         Debug.win32\CCInputDelegate.obj
         Debug.win32\UIWidget.obj
         Debug.win32\UILayout.obj
         Debug.win32\UILayoutDefine.obj
         Debug.win32\UILayoutParameter.obj
         Debug.win32\CocosGUI.obj
         Debug.win32\UIHelper.obj
         Debug.win32\UITouchGroup.obj
         Debug.win32\UIListView.obj
         Debug.win32\UIPageView.obj
         Debug.win32\UIScrollView.obj
         Debug.win32\UIButton.obj
         Debug.win32\UICheckBox.obj
         Debug.win32\UIImageView.obj
         Debug.win32\UILabel.obj
         Debug.win32\UILabelAtlas.obj
         Debug.win32\UILabelBMFont.obj
         Debug.win32\UILoadingBar.obj
         Debug.win32\UISlider.obj
         Debug.win32\UITextField.obj
         Debug.win32\DictionaryHelper.obj
         Debug.win32\GUIReader.obj
         Debug.win32\SceneReader.obj
         Debug.win32\ObjectFactory.obj
         Debug.win32\TriggerBase.obj
         Debug.win32\TriggerMng.obj
         Debug.win32\TriggerObj.obj
         Debug.win32\CCControl.obj
         Debug.win32\CCControlButton.obj
         Debug.win32\CCControlColourPicker.obj
         Debug.win32\CCControlHuePicker.obj
         Debug.win32\CCControlPotentiometer.obj
         Debug.win32\CCControlSaturationBrightnessPicker.obj
         Debug.win32\CCControlSlider.obj
         Debug.win32\CCControlStepper.obj
         Debug.win32\CCControlSwitch.obj
         Debug.win32\CCControlUtils.obj
         Debug.win32\CCInvocation.obj
         Debug.win32\CCScale9Sprite.obj
         Debug.win32\CCEditBox.obj
         Debug.win32\CCEditBoxImplWin.obj
         Debug.win32\CCScrollView.obj
         Debug.win32\CCSorting.obj
         Debug.win32\CCTableView.obj
         Debug.win32\CCTableViewCell.obj
         Debug.win32\LocalStorage.obj
         Debug.win32\HttpClient.obj
         Debug.win32\Websocket.obj
         Debug.win32\CCPhysicsDebugNode.obj
         Debug.win32\CCPhysicsSprite.obj
         Debug.win32\Animation.obj
         Debug.win32\AnimationState.obj
         Debug.win32\AnimationStateData.obj
         Debug.win32\Atlas.obj
         Debug.win32\AtlasAttachmentLoader.obj
         Debug.win32\Attachment.obj
         Debug.win32\AttachmentLoader.obj
         Debug.win32\Bone.obj
         Debug.win32\BoneData.obj
         Debug.win32\CCSkeleton.obj
         Debug.win32\CCSkeletonAnimation.obj
         Debug.win32\extension.obj
         Debug.win32\Json.obj
         Debug.win32\RegionAttachment.obj
         Debug.win32\Skeleton.obj
         Debug.win32\SkeletonData.obj
         Debug.win32\SkeletonJson.obj
         Debug.win32\Skin.obj
         Debug.win32\Slot.obj
         Debug.win32\SlotData.obj
         "Debug.win32\spine-cocos2dx.obj"
         Debug.win32\Win32InputBox.obj
         libExtensions.vcxproj -> F:\workplace\VS_workplace\DR\projects\DRGame\proj.win32\Debug.win32\libExtensions.lib
       FinalizeBuildStatus:
         正在删除文件“Debug.win32\libExtensions.unsuccessfulbuild”。
         正在对“Debug.win32\libExtensions.lastbuildstate”执行 Touch 任务。
     1>已完成生成项目“F:\workplace\VS_workplace\DR\extensions\proj.win32\libExtensions.vcxproj”(rebuild 个目标)的操作。

生成成功。

已用时间 00:16:03.38
